2026-05-12 09:09:05 INFO     Model: CogRE
2026-05-12 09:09:05 INFO     Data Path: ../data/algebra2005
2026-05-12 09:09:05 INFO     #entity: 1770
2026-05-12 09:09:05 INFO     #relation: 274
2026-05-12 09:09:06 INFO     #train: 606280
2026-05-12 09:09:06 INFO     Model Parameter Configuration:
2026-05-12 09:09:06 INFO     Parameter gamma: torch.Size([1]), require_grad = False
2026-05-12 09:09:06 INFO     Parameter embedding_range: torch.Size([1]), require_grad = False
2026-05-12 09:09:06 INFO     Parameter entity_embedding: torch.Size([1770, 500]), require_grad = True
2026-05-12 09:09:06 INFO     Parameter relation_embedding: torch.Size([274, 2000]), require_grad = True
2026-05-12 09:09:09 INFO     Ramdomly Initializing CogRE Model...
2026-05-12 09:09:09 INFO     Start Training...
2026-05-12 09:09:09 INFO     init_step = 0
2026-05-12 09:09:09 INFO     batch_size = 512
2026-05-12 09:09:09 INFO     negative_adversarial_sampling = 1
2026-05-12 09:09:09 INFO     hidden_dim = 500
2026-05-12 09:09:09 INFO     gamma = 12.000000
2026-05-12 09:09:09 INFO     negative_adversarial_sampling = True
2026-05-12 09:09:09 INFO     adversarial_temperature = 1.000000
2026-05-12 09:09:09 INFO     learning_rate = 0
2026-05-12 09:09:10 INFO     Training average positive_sample_loss at step 0: 0.001173
2026-05-12 09:09:10 INFO     Training average negative_sample_loss at step 0: 6.809009
2026-05-12 09:09:10 INFO     Training average loss at step 0: 3.405091
2026-05-12 09:09:12 INFO     Training average positive_sample_loss at step 100: 0.571933
2026-05-12 09:09:12 INFO     Training average negative_sample_loss at step 100: 1.432818
2026-05-12 09:09:12 INFO     Training average loss at step 100: 1.002376
2026-05-12 09:09:14 INFO     Training average positive_sample_loss at step 200: 0.627206
2026-05-12 09:09:14 INFO     Training average negative_sample_loss at step 200: 0.680048
2026-05-12 09:09:14 INFO     Training average loss at step 200: 0.653627
2026-05-12 09:09:16 INFO     Training average positive_sample_loss at step 300: 0.634089
2026-05-12 09:09:16 INFO     Training average negative_sample_loss at step 300: 0.677255
2026-05-12 09:09:16 INFO     Training average loss at step 300: 0.655672
2026-05-12 09:09:18 INFO     Training average positive_sample_loss at step 400: 0.629729
2026-05-12 09:09:18 INFO     Training average negative_sample_loss at step 400: 0.665246
2026-05-12 09:09:18 INFO     Training average loss at step 400: 0.647488
2026-05-12 09:09:20 INFO     Training average positive_sample_loss at step 500: 0.624120
2026-05-12 09:09:20 INFO     Training average negative_sample_loss at step 500: 0.657063
2026-05-12 09:09:20 INFO     Training average loss at step 500: 0.640592
2026-05-12 09:09:22 INFO     Training average positive_sample_loss at step 600: 0.618857
2026-05-12 09:09:22 INFO     Training average negative_sample_loss at step 600: 0.653658
2026-05-12 09:09:22 INFO     Training average loss at step 600: 0.636257
2026-05-12 09:09:24 INFO     Training average positive_sample_loss at step 700: 0.617906
2026-05-12 09:09:24 INFO     Training average negative_sample_loss at step 700: 0.651859
2026-05-12 09:09:24 INFO     Training average loss at step 700: 0.634882
2026-05-12 09:09:26 INFO     Training average positive_sample_loss at step 800: 0.619658
2026-05-12 09:09:26 INFO     Training average negative_sample_loss at step 800: 0.651201
2026-05-12 09:09:26 INFO     Training average loss at step 800: 0.635430
2026-05-12 09:09:28 INFO     Training average positive_sample_loss at step 900: 0.618846
2026-05-12 09:09:28 INFO     Training average negative_sample_loss at step 900: 0.649410
2026-05-12 09:09:28 INFO     Training average loss at step 900: 0.634128
2026-05-12 09:09:30 INFO     Training average positive_sample_loss at step 1000: 0.618626
2026-05-12 09:09:30 INFO     Training average negative_sample_loss at step 1000: 0.649382
2026-05-12 09:09:30 INFO     Training average loss at step 1000: 0.634004
2026-05-12 09:09:32 INFO     Training average positive_sample_loss at step 1100: 0.619052
2026-05-12 09:09:32 INFO     Training average negative_sample_loss at step 1100: 0.646986
2026-05-12 09:09:32 INFO     Training average loss at step 1100: 0.633019
2026-05-12 09:09:34 INFO     Training average positive_sample_loss at step 1200: 0.619036
2026-05-12 09:09:34 INFO     Training average negative_sample_loss at step 1200: 0.647562
2026-05-12 09:09:34 INFO     Training average loss at step 1200: 0.633299
2026-05-12 09:09:36 INFO     Training average positive_sample_loss at step 1300: 0.618092
2026-05-12 09:09:36 INFO     Training average negative_sample_loss at step 1300: 0.644478
2026-05-12 09:09:36 INFO     Training average loss at step 1300: 0.631285
2026-05-12 09:09:38 INFO     Training average positive_sample_loss at step 1400: 0.615993
2026-05-12 09:09:38 INFO     Training average negative_sample_loss at step 1400: 0.642701
2026-05-12 09:09:38 INFO     Training average loss at step 1400: 0.629347
2026-05-12 09:09:40 INFO     Training average positive_sample_loss at step 1500: 0.615354
2026-05-12 09:09:40 INFO     Training average negative_sample_loss at step 1500: 0.639715
2026-05-12 09:09:40 INFO     Training average loss at step 1500: 0.627534
2026-05-12 09:09:42 INFO     Training average positive_sample_loss at step 1600: 0.614854
2026-05-12 09:09:42 INFO     Training average negative_sample_loss at step 1600: 0.637741
2026-05-12 09:09:42 INFO     Training average loss at step 1600: 0.626298
2026-05-12 09:09:44 INFO     Training average positive_sample_loss at step 1700: 0.613669
2026-05-12 09:09:44 INFO     Training average negative_sample_loss at step 1700: 0.638401
2026-05-12 09:09:44 INFO     Training average loss at step 1700: 0.626035
2026-05-12 09:09:46 INFO     Training average positive_sample_loss at step 1800: 0.611371
2026-05-12 09:09:46 INFO     Training average negative_sample_loss at step 1800: 0.634781
2026-05-12 09:09:46 INFO     Training average loss at step 1800: 0.623076
2026-05-12 09:09:48 INFO     Training average positive_sample_loss at step 1900: 0.610173
2026-05-12 09:09:48 INFO     Training average negative_sample_loss at step 1900: 0.633772
2026-05-12 09:09:48 INFO     Training average loss at step 1900: 0.621972
2026-05-12 09:09:51 INFO     Training average positive_sample_loss at step 2000: 0.609056
2026-05-12 09:09:51 INFO     Training average negative_sample_loss at step 2000: 0.630979
2026-05-12 09:09:51 INFO     Training average loss at step 2000: 0.620018
2026-05-12 09:09:53 INFO     Training average positive_sample_loss at step 2100: 0.608570
2026-05-12 09:09:53 INFO     Training average negative_sample_loss at step 2100: 0.629096
2026-05-12 09:09:53 INFO     Training average loss at step 2100: 0.618833
2026-05-12 09:09:55 INFO     Training average positive_sample_loss at step 2200: 0.606223
2026-05-12 09:09:55 INFO     Training average negative_sample_loss at step 2200: 0.627835
2026-05-12 09:09:55 INFO     Training average loss at step 2200: 0.617029
2026-05-12 09:09:57 INFO     Training average positive_sample_loss at step 2300: 0.604500
2026-05-12 09:09:57 INFO     Training average negative_sample_loss at step 2300: 0.625952
2026-05-12 09:09:57 INFO     Training average loss at step 2300: 0.615226
2026-05-12 09:09:59 INFO     Training average positive_sample_loss at step 2400: 0.597932
2026-05-12 09:09:59 INFO     Training average negative_sample_loss at step 2400: 0.619907
2026-05-12 09:09:59 INFO     Training average loss at step 2400: 0.608919
2026-05-12 09:10:02 INFO     Training average positive_sample_loss at step 2500: 0.588879
2026-05-12 09:10:02 INFO     Training average negative_sample_loss at step 2500: 0.605831
2026-05-12 09:10:02 INFO     Training average loss at step 2500: 0.597355
2026-05-12 09:10:04 INFO     Training average positive_sample_loss at step 2600: 0.589391
2026-05-12 09:10:04 INFO     Training average negative_sample_loss at step 2600: 0.607295
2026-05-12 09:10:04 INFO     Training average loss at step 2600: 0.598343
2026-05-12 09:10:06 INFO     Training average positive_sample_loss at step 2700: 0.590531
2026-05-12 09:10:06 INFO     Training average negative_sample_loss at step 2700: 0.607342
2026-05-12 09:10:06 INFO     Training average loss at step 2700: 0.598936
2026-05-12 09:10:08 INFO     Training average positive_sample_loss at step 2800: 0.590615
2026-05-12 09:10:08 INFO     Training average negative_sample_loss at step 2800: 0.606700
2026-05-12 09:10:08 INFO     Training average loss at step 2800: 0.598657
2026-05-12 09:10:09 INFO     Training average positive_sample_loss at step 2900: 0.588536
2026-05-12 09:10:09 INFO     Training average negative_sample_loss at step 2900: 0.605224
2026-05-12 09:10:09 INFO     Training average loss at step 2900: 0.596880
2026-05-12 09:10:11 INFO     Training average positive_sample_loss at step 3000: 0.591113
2026-05-12 09:10:11 INFO     Training average negative_sample_loss at step 3000: 0.605958
2026-05-12 09:10:11 INFO     Training average loss at step 3000: 0.598535
2026-05-12 09:10:14 INFO     Training average positive_sample_loss at step 3100: 0.590565
2026-05-12 09:10:14 INFO     Training average negative_sample_loss at step 3100: 0.605453
2026-05-12 09:10:14 INFO     Training average loss at step 3100: 0.598009
2026-05-12 09:10:16 INFO     Training average positive_sample_loss at step 3200: 0.590260
2026-05-12 09:10:16 INFO     Training average negative_sample_loss at step 3200: 0.605336
2026-05-12 09:10:16 INFO     Training average loss at step 3200: 0.597798
2026-05-12 09:10:18 INFO     Training average positive_sample_loss at step 3300: 0.589938
2026-05-12 09:10:18 INFO     Training average negative_sample_loss at step 3300: 0.603849
2026-05-12 09:10:18 INFO     Training average loss at step 3300: 0.596893
2026-05-12 09:10:20 INFO     Training average positive_sample_loss at step 3400: 0.590039
2026-05-12 09:10:20 INFO     Training average negative_sample_loss at step 3400: 0.603638
2026-05-12 09:10:20 INFO     Training average loss at step 3400: 0.596838
2026-05-12 09:10:22 INFO     Training average positive_sample_loss at step 3500: 0.589378
2026-05-12 09:10:22 INFO     Training average negative_sample_loss at step 3500: 0.602735
2026-05-12 09:10:22 INFO     Training average loss at step 3500: 0.596057
2026-05-12 09:10:24 INFO     Training average positive_sample_loss at step 3600: 0.587804
2026-05-12 09:10:24 INFO     Training average negative_sample_loss at step 3600: 0.602276
2026-05-12 09:10:24 INFO     Training average loss at step 3600: 0.595040
2026-05-12 09:10:26 INFO     Training average positive_sample_loss at step 3700: 0.589160
2026-05-12 09:10:26 INFO     Training average negative_sample_loss at step 3700: 0.600992
2026-05-12 09:10:26 INFO     Training average loss at step 3700: 0.595076
2026-05-12 09:10:28 INFO     Training average positive_sample_loss at step 3800: 0.586555
2026-05-12 09:10:28 INFO     Training average negative_sample_loss at step 3800: 0.599160
2026-05-12 09:10:28 INFO     Training average loss at step 3800: 0.592858
2026-05-12 09:10:30 INFO     Training average positive_sample_loss at step 3900: 0.586227
2026-05-12 09:10:30 INFO     Training average negative_sample_loss at step 3900: 0.597292
2026-05-12 09:10:30 INFO     Training average loss at step 3900: 0.591760
2026-05-12 09:10:32 INFO     Training average positive_sample_loss at step 4000: 0.586230
2026-05-12 09:10:32 INFO     Training average negative_sample_loss at step 4000: 0.599266
2026-05-12 09:10:32 INFO     Training average loss at step 4000: 0.592748
2026-05-12 09:10:33 INFO     Training average positive_sample_loss at step 4100: 0.586500
2026-05-12 09:10:33 INFO     Training average negative_sample_loss at step 4100: 0.597421
2026-05-12 09:10:33 INFO     Training average loss at step 4100: 0.591960
2026-05-12 09:10:35 INFO     Training average positive_sample_loss at step 4200: 0.584829
2026-05-12 09:10:35 INFO     Training average negative_sample_loss at step 4200: 0.597003
2026-05-12 09:10:35 INFO     Training average loss at step 4200: 0.590916
2026-05-12 09:10:37 INFO     Training average positive_sample_loss at step 4300: 0.584927
2026-05-12 09:10:37 INFO     Training average negative_sample_loss at step 4300: 0.595777
2026-05-12 09:10:37 INFO     Training average loss at step 4300: 0.590352
2026-05-12 09:10:39 INFO     Training average positive_sample_loss at step 4400: 0.583595
2026-05-12 09:10:39 INFO     Training average negative_sample_loss at step 4400: 0.595196
2026-05-12 09:10:39 INFO     Training average loss at step 4400: 0.589395
2026-05-12 09:10:41 INFO     Training average positive_sample_loss at step 4500: 0.583365
2026-05-12 09:10:41 INFO     Training average negative_sample_loss at step 4500: 0.592844
2026-05-12 09:10:41 INFO     Training average loss at step 4500: 0.588104
2026-05-12 09:10:44 INFO     Training average positive_sample_loss at step 4600: 0.583648
2026-05-12 09:10:44 INFO     Training average negative_sample_loss at step 4600: 0.592441
2026-05-12 09:10:44 INFO     Training average loss at step 4600: 0.588044
2026-05-12 09:10:46 INFO     Training average positive_sample_loss at step 4700: 0.581833
2026-05-12 09:10:46 INFO     Training average negative_sample_loss at step 4700: 0.592187
2026-05-12 09:10:46 INFO     Training average loss at step 4700: 0.587010
2026-05-12 09:10:48 INFO     Training average positive_sample_loss at step 4800: 0.571882
2026-05-12 09:10:48 INFO     Training average negative_sample_loss at step 4800: 0.580079
2026-05-12 09:10:48 INFO     Training average loss at step 4800: 0.575981
2026-05-12 09:10:50 INFO     Training average positive_sample_loss at step 4900: 0.565156
2026-05-12 09:10:50 INFO     Training average negative_sample_loss at step 4900: 0.571947
2026-05-12 09:10:50 INFO     Training average loss at step 4900: 0.568551
2026-05-12 09:10:52 INFO     Training average positive_sample_loss at step 5000: 0.566704
2026-05-12 09:10:52 INFO     Training average negative_sample_loss at step 5000: 0.572552
2026-05-12 09:10:52 INFO     Training average loss at step 5000: 0.569628
2026-05-12 09:10:54 INFO     Training average positive_sample_loss at step 5100: 0.568085
2026-05-12 09:10:54 INFO     Training average negative_sample_loss at step 5100: 0.573349
2026-05-12 09:10:54 INFO     Training average loss at step 5100: 0.570717
2026-05-12 09:10:57 INFO     Training average positive_sample_loss at step 5200: 0.568836
2026-05-12 09:10:57 INFO     Training average negative_sample_loss at step 5200: 0.575348
2026-05-12 09:10:57 INFO     Training average loss at step 5200: 0.572092
2026-05-12 09:10:59 INFO     Training average positive_sample_loss at step 5300: 0.569587
2026-05-12 09:10:59 INFO     Training average negative_sample_loss at step 5300: 0.574078
2026-05-12 09:10:59 INFO     Training average loss at step 5300: 0.571833
2026-05-12 09:11:01 INFO     Training average positive_sample_loss at step 5400: 0.570876
2026-05-12 09:11:01 INFO     Training average negative_sample_loss at step 5400: 0.575904
2026-05-12 09:11:01 INFO     Training average loss at step 5400: 0.573390
2026-05-12 09:11:03 INFO     Training average positive_sample_loss at step 5500: 0.570720
2026-05-12 09:11:03 INFO     Training average negative_sample_loss at step 5500: 0.574652
2026-05-12 09:11:03 INFO     Training average loss at step 5500: 0.572686
2026-05-12 09:11:05 INFO     Training average positive_sample_loss at step 5600: 0.570449
2026-05-12 09:11:05 INFO     Training average negative_sample_loss at step 5600: 0.574977
2026-05-12 09:11:05 INFO     Training average loss at step 5600: 0.572713
2026-05-12 09:11:07 INFO     Training average positive_sample_loss at step 5700: 0.570933
2026-05-12 09:11:07 INFO     Training average negative_sample_loss at step 5700: 0.574280
2026-05-12 09:11:07 INFO     Training average loss at step 5700: 0.572606
2026-05-12 09:11:09 INFO     Training average positive_sample_loss at step 5800: 0.571381
2026-05-12 09:11:09 INFO     Training average negative_sample_loss at step 5800: 0.575824
2026-05-12 09:11:09 INFO     Training average loss at step 5800: 0.573602
2026-05-12 09:11:11 INFO     Training average positive_sample_loss at step 5900: 0.571831
2026-05-12 09:11:11 INFO     Training average negative_sample_loss at step 5900: 0.575471
2026-05-12 09:11:11 INFO     Training average loss at step 5900: 0.573651
2026-05-12 09:11:13 INFO     Training average positive_sample_loss at step 6000: 0.571592
2026-05-12 09:11:13 INFO     Training average negative_sample_loss at step 6000: 0.575914
2026-05-12 09:11:13 INFO     Training average loss at step 6000: 0.573753
2026-05-12 09:11:15 INFO     Training average positive_sample_loss at step 6100: 0.572329
2026-05-12 09:11:15 INFO     Training average negative_sample_loss at step 6100: 0.574363
2026-05-12 09:11:15 INFO     Training average loss at step 6100: 0.573346
2026-05-12 09:11:17 INFO     Training average positive_sample_loss at step 6200: 0.571221
2026-05-12 09:11:17 INFO     Training average negative_sample_loss at step 6200: 0.573653
2026-05-12 09:11:17 INFO     Training average loss at step 6200: 0.572437
2026-05-12 09:11:19 INFO     Training average positive_sample_loss at step 6300: 0.571152
2026-05-12 09:11:19 INFO     Training average negative_sample_loss at step 6300: 0.574023
2026-05-12 09:11:19 INFO     Training average loss at step 6300: 0.572588
2026-05-12 09:11:21 INFO     Training average positive_sample_loss at step 6400: 0.572695
2026-05-12 09:11:21 INFO     Training average negative_sample_loss at step 6400: 0.575648
2026-05-12 09:11:21 INFO     Training average loss at step 6400: 0.574171
2026-05-12 09:11:23 INFO     Training average positive_sample_loss at step 6500: 0.569998
2026-05-12 09:11:23 INFO     Training average negative_sample_loss at step 6500: 0.573251
2026-05-12 09:11:23 INFO     Training average loss at step 6500: 0.571624
2026-05-12 09:11:25 INFO     Training average positive_sample_loss at step 6600: 0.571696
2026-05-12 09:11:25 INFO     Training average negative_sample_loss at step 6600: 0.573183
2026-05-12 09:11:25 INFO     Training average loss at step 6600: 0.572440
2026-05-12 09:11:28 INFO     Training average positive_sample_loss at step 6700: 0.569769
2026-05-12 09:11:28 INFO     Training average negative_sample_loss at step 6700: 0.571653
2026-05-12 09:11:28 INFO     Training average loss at step 6700: 0.570711
2026-05-12 09:11:30 INFO     Training average positive_sample_loss at step 6800: 0.571010
2026-05-12 09:11:30 INFO     Training average negative_sample_loss at step 6800: 0.573213
2026-05-12 09:11:30 INFO     Training average loss at step 6800: 0.572112
2026-05-12 09:11:32 INFO     Training average positive_sample_loss at step 6900: 0.567916
2026-05-12 09:11:32 INFO     Training average negative_sample_loss at step 6900: 0.570063
2026-05-12 09:11:32 INFO     Training average loss at step 6900: 0.568989
2026-05-12 09:11:34 INFO     Training average positive_sample_loss at step 7000: 0.569904
2026-05-12 09:11:34 INFO     Training average negative_sample_loss at step 7000: 0.571898
2026-05-12 09:11:34 INFO     Training average loss at step 7000: 0.570901
2026-05-12 09:11:36 INFO     Training average positive_sample_loss at step 7100: 0.568689
2026-05-12 09:11:36 INFO     Training average negative_sample_loss at step 7100: 0.569902
2026-05-12 09:11:36 INFO     Training average loss at step 7100: 0.569295
2026-05-12 09:11:39 INFO     Training average positive_sample_loss at step 7200: 0.553010
2026-05-12 09:11:39 INFO     Training average negative_sample_loss at step 7200: 0.554755
2026-05-12 09:11:39 INFO     Training average loss at step 7200: 0.553883
2026-05-12 09:11:41 INFO     Training average positive_sample_loss at step 7300: 0.554498
2026-05-12 09:11:41 INFO     Training average negative_sample_loss at step 7300: 0.553073
2026-05-12 09:11:41 INFO     Training average loss at step 7300: 0.553786
2026-05-12 09:11:43 INFO     Training average positive_sample_loss at step 7400: 0.554770
2026-05-12 09:11:43 INFO     Training average negative_sample_loss at step 7400: 0.553533
2026-05-12 09:11:43 INFO     Training average loss at step 7400: 0.554151
2026-05-12 09:11:45 INFO     Training average positive_sample_loss at step 7500: 0.557408
2026-05-12 09:11:45 INFO     Training average negative_sample_loss at step 7500: 0.555797
2026-05-12 09:11:45 INFO     Training average loss at step 7500: 0.556602
2026-05-12 09:11:47 INFO     Training average positive_sample_loss at step 7600: 0.557005
2026-05-12 09:11:47 INFO     Training average negative_sample_loss at step 7600: 0.555609
2026-05-12 09:11:47 INFO     Training average loss at step 7600: 0.556307
2026-05-12 09:11:49 INFO     Training average positive_sample_loss at step 7700: 0.559453
2026-05-12 09:11:49 INFO     Training average negative_sample_loss at step 7700: 0.557105
2026-05-12 09:11:49 INFO     Training average loss at step 7700: 0.558279
2026-05-12 09:11:51 INFO     Training average positive_sample_loss at step 7800: 0.559498
2026-05-12 09:11:51 INFO     Training average negative_sample_loss at step 7800: 0.557661
2026-05-12 09:11:51 INFO     Training average loss at step 7800: 0.558580
2026-05-12 09:11:53 INFO     Training average positive_sample_loss at step 7900: 0.560212
2026-05-12 09:11:53 INFO     Training average negative_sample_loss at step 7900: 0.557630
2026-05-12 09:11:53 INFO     Training average loss at step 7900: 0.558921
2026-05-12 09:11:55 INFO     Training average positive_sample_loss at step 8000: 0.559812
2026-05-12 09:11:55 INFO     Training average negative_sample_loss at step 8000: 0.557693
2026-05-12 09:11:55 INFO     Training average loss at step 8000: 0.558752
2026-05-12 09:11:57 INFO     Training average positive_sample_loss at step 8100: 0.560048
2026-05-12 09:11:57 INFO     Training average negative_sample_loss at step 8100: 0.558314
2026-05-12 09:11:57 INFO     Training average loss at step 8100: 0.559181
2026-05-12 09:11:59 INFO     Training average positive_sample_loss at step 8200: 0.560470
2026-05-12 09:11:59 INFO     Training average negative_sample_loss at step 8200: 0.557575
2026-05-12 09:11:59 INFO     Training average loss at step 8200: 0.559023
2026-05-12 09:12:01 INFO     Training average positive_sample_loss at step 8300: 0.562216
2026-05-12 09:12:01 INFO     Training average negative_sample_loss at step 8300: 0.558487
2026-05-12 09:12:01 INFO     Training average loss at step 8300: 0.560352
2026-05-12 09:12:03 INFO     Training average positive_sample_loss at step 8400: 0.560923
2026-05-12 09:12:03 INFO     Training average negative_sample_loss at step 8400: 0.558076
2026-05-12 09:12:03 INFO     Training average loss at step 8400: 0.559500
2026-05-12 09:12:05 INFO     Training average positive_sample_loss at step 8500: 0.560667
2026-05-12 09:12:05 INFO     Training average negative_sample_loss at step 8500: 0.558506
2026-05-12 09:12:05 INFO     Training average loss at step 8500: 0.559586
2026-05-12 09:12:07 INFO     Training average positive_sample_loss at step 8600: 0.562971
2026-05-12 09:12:07 INFO     Training average negative_sample_loss at step 8600: 0.559612
2026-05-12 09:12:07 INFO     Training average loss at step 8600: 0.561291
2026-05-12 09:12:09 INFO     Training average positive_sample_loss at step 8700: 0.562145
2026-05-12 09:12:09 INFO     Training average negative_sample_loss at step 8700: 0.559779
2026-05-12 09:12:09 INFO     Training average loss at step 8700: 0.560962
2026-05-12 09:12:11 INFO     Training average positive_sample_loss at step 8800: 0.560732
2026-05-12 09:12:11 INFO     Training average negative_sample_loss at step 8800: 0.557656
2026-05-12 09:12:11 INFO     Training average loss at step 8800: 0.559194
2026-05-12 09:12:13 INFO     Training average positive_sample_loss at step 8900: 0.561019
2026-05-12 09:12:13 INFO     Training average negative_sample_loss at step 8900: 0.559315
2026-05-12 09:12:13 INFO     Training average loss at step 8900: 0.560167
2026-05-12 09:12:15 INFO     Training average positive_sample_loss at step 9000: 0.560925
2026-05-12 09:12:15 INFO     Training average negative_sample_loss at step 9000: 0.558038
2026-05-12 09:12:15 INFO     Training average loss at step 9000: 0.559482
2026-05-12 09:12:17 INFO     Training average positive_sample_loss at step 9100: 0.560722
2026-05-12 09:12:17 INFO     Training average negative_sample_loss at step 9100: 0.557840
2026-05-12 09:12:17 INFO     Training average loss at step 9100: 0.559281
2026-05-12 09:12:19 INFO     Training average positive_sample_loss at step 9200: 0.558855
2026-05-12 09:12:19 INFO     Training average negative_sample_loss at step 9200: 0.555975
2026-05-12 09:12:19 INFO     Training average loss at step 9200: 0.557415
2026-05-12 09:12:21 INFO     Training average positive_sample_loss at step 9300: 0.559379
2026-05-12 09:12:21 INFO     Training average negative_sample_loss at step 9300: 0.557452
2026-05-12 09:12:21 INFO     Training average loss at step 9300: 0.558415
2026-05-12 09:12:23 INFO     Training average positive_sample_loss at step 9400: 0.560058
2026-05-12 09:12:23 INFO     Training average negative_sample_loss at step 9400: 0.556540
2026-05-12 09:12:23 INFO     Training average loss at step 9400: 0.558299
2026-05-12 09:12:26 INFO     Training average positive_sample_loss at step 9500: 0.554898
2026-05-12 09:12:26 INFO     Training average negative_sample_loss at step 9500: 0.554233
2026-05-12 09:12:26 INFO     Training average loss at step 9500: 0.554565
2026-05-12 09:12:28 INFO     Training average positive_sample_loss at step 9600: 0.542483
2026-05-12 09:12:28 INFO     Training average negative_sample_loss at step 9600: 0.537069
2026-05-12 09:12:28 INFO     Training average loss at step 9600: 0.539776
2026-05-12 09:12:30 INFO     Training average positive_sample_loss at step 9700: 0.546465
2026-05-12 09:12:30 INFO     Training average negative_sample_loss at step 9700: 0.540011
2026-05-12 09:12:30 INFO     Training average loss at step 9700: 0.543238
2026-05-12 09:12:32 INFO     Training average positive_sample_loss at step 9800: 0.547125
2026-05-12 09:12:32 INFO     Training average negative_sample_loss at step 9800: 0.541370
2026-05-12 09:12:32 INFO     Training average loss at step 9800: 0.544248
2026-05-12 09:12:33 INFO     Training average positive_sample_loss at step 9900: 0.549289
2026-05-12 09:12:33 INFO     Training average negative_sample_loss at step 9900: 0.543372
2026-05-12 09:12:33 INFO     Training average loss at step 9900: 0.546330
2026-05-12 09:12:35 INFO     Training average positive_sample_loss at step 10000: 0.549629
2026-05-12 09:12:35 INFO     Training average negative_sample_loss at step 10000: 0.543417
2026-05-12 09:12:35 INFO     Training average loss at step 10000: 0.546523
2026-05-12 09:12:37 INFO     Training average positive_sample_loss at step 10100: 0.551412
2026-05-12 09:12:37 INFO     Training average negative_sample_loss at step 10100: 0.545780
2026-05-12 09:12:37 INFO     Training average loss at step 10100: 0.548596
2026-05-12 09:12:39 INFO     Training average positive_sample_loss at step 10200: 0.551509
2026-05-12 09:12:39 INFO     Training average negative_sample_loss at step 10200: 0.545009
2026-05-12 09:12:39 INFO     Training average loss at step 10200: 0.548259
2026-05-12 09:12:41 INFO     Training average positive_sample_loss at step 10300: 0.552055
2026-05-12 09:12:41 INFO     Training average negative_sample_loss at step 10300: 0.546820
2026-05-12 09:12:41 INFO     Training average loss at step 10300: 0.549437
2026-05-12 09:12:43 INFO     Training average positive_sample_loss at step 10400: 0.551996
2026-05-12 09:12:43 INFO     Training average negative_sample_loss at step 10400: 0.546589
2026-05-12 09:12:43 INFO     Training average loss at step 10400: 0.549293
2026-05-12 09:12:45 INFO     Training average positive_sample_loss at step 10500: 0.552086
2026-05-12 09:12:45 INFO     Training average negative_sample_loss at step 10500: 0.546906
2026-05-12 09:12:45 INFO     Training average loss at step 10500: 0.549496
2026-05-12 09:12:47 INFO     Training average positive_sample_loss at step 10600: 0.553249
2026-05-12 09:12:47 INFO     Training average negative_sample_loss at step 10600: 0.547805
2026-05-12 09:12:47 INFO     Training average loss at step 10600: 0.550527
2026-05-12 09:12:49 INFO     Training average positive_sample_loss at step 10700: 0.552466
2026-05-12 09:12:49 INFO     Training average negative_sample_loss at step 10700: 0.546963
2026-05-12 09:12:49 INFO     Training average loss at step 10700: 0.549715
2026-05-12 09:12:51 INFO     Training average positive_sample_loss at step 10800: 0.553157
2026-05-12 09:12:51 INFO     Training average negative_sample_loss at step 10800: 0.547240
2026-05-12 09:12:51 INFO     Training average loss at step 10800: 0.550199
2026-05-12 09:12:53 INFO     Training average positive_sample_loss at step 10900: 0.553545
2026-05-12 09:12:53 INFO     Training average negative_sample_loss at step 10900: 0.547678
2026-05-12 09:12:53 INFO     Training average loss at step 10900: 0.550612
2026-05-12 09:12:54 INFO     Training average positive_sample_loss at step 11000: 0.552402
2026-05-12 09:12:54 INFO     Training average negative_sample_loss at step 11000: 0.546323
2026-05-12 09:12:54 INFO     Training average loss at step 11000: 0.549363
2026-05-12 09:12:56 INFO     Training average positive_sample_loss at step 11100: 0.553222
2026-05-12 09:12:56 INFO     Training average negative_sample_loss at step 11100: 0.548451
2026-05-12 09:12:56 INFO     Training average loss at step 11100: 0.550837
2026-05-12 09:12:58 INFO     Training average positive_sample_loss at step 11200: 0.554483
2026-05-12 09:12:58 INFO     Training average negative_sample_loss at step 11200: 0.548081
2026-05-12 09:12:58 INFO     Training average loss at step 11200: 0.551282
2026-05-12 09:13:00 INFO     Training average positive_sample_loss at step 11300: 0.554168
2026-05-12 09:13:00 INFO     Training average negative_sample_loss at step 11300: 0.548926
2026-05-12 09:13:00 INFO     Training average loss at step 11300: 0.551547
2026-05-12 09:13:02 INFO     Training average positive_sample_loss at step 11400: 0.552460
2026-05-12 09:13:02 INFO     Training average negative_sample_loss at step 11400: 0.546895
2026-05-12 09:13:02 INFO     Training average loss at step 11400: 0.549678
2026-05-12 09:13:03 INFO     Training average positive_sample_loss at step 11500: 0.553457
2026-05-12 09:13:03 INFO     Training average negative_sample_loss at step 11500: 0.549039
2026-05-12 09:13:03 INFO     Training average loss at step 11500: 0.551248
2026-05-12 09:13:05 INFO     Training average positive_sample_loss at step 11600: 0.552194
2026-05-12 09:13:05 INFO     Training average negative_sample_loss at step 11600: 0.546221
2026-05-12 09:13:05 INFO     Training average loss at step 11600: 0.549207
2026-05-12 09:13:07 INFO     Training average positive_sample_loss at step 11700: 0.552546
2026-05-12 09:13:07 INFO     Training average negative_sample_loss at step 11700: 0.546315
2026-05-12 09:13:07 INFO     Training average loss at step 11700: 0.549431
2026-05-12 09:13:09 INFO     Training average positive_sample_loss at step 11800: 0.552976
2026-05-12 09:13:09 INFO     Training average negative_sample_loss at step 11800: 0.548233
2026-05-12 09:13:09 INFO     Training average loss at step 11800: 0.550605
2026-05-12 09:13:12 INFO     Training average positive_sample_loss at step 11900: 0.541924
2026-05-12 09:13:12 INFO     Training average negative_sample_loss at step 11900: 0.537077
2026-05-12 09:13:12 INFO     Training average loss at step 11900: 0.539501
2026-05-12 09:13:14 INFO     Training average positive_sample_loss at step 12000: 0.538380
2026-05-12 09:13:14 INFO     Training average negative_sample_loss at step 12000: 0.530008
2026-05-12 09:13:14 INFO     Training average loss at step 12000: 0.534194
2026-05-12 09:13:15 INFO     Training average positive_sample_loss at step 12100: 0.540046
2026-05-12 09:13:15 INFO     Training average negative_sample_loss at step 12100: 0.533262
2026-05-12 09:13:15 INFO     Training average loss at step 12100: 0.536654
2026-05-12 09:13:17 INFO     Training average positive_sample_loss at step 12200: 0.542500
2026-05-12 09:13:17 INFO     Training average negative_sample_loss at step 12200: 0.532452
2026-05-12 09:13:17 INFO     Training average loss at step 12200: 0.537476
2026-05-12 09:13:19 INFO     Training average positive_sample_loss at step 12300: 0.541618
2026-05-12 09:13:19 INFO     Training average negative_sample_loss at step 12300: 0.534499
2026-05-12 09:13:19 INFO     Training average loss at step 12300: 0.538059
2026-05-12 09:13:21 INFO     Training average positive_sample_loss at step 12400: 0.544198
2026-05-12 09:13:21 INFO     Training average negative_sample_loss at step 12400: 0.534952
2026-05-12 09:13:21 INFO     Training average loss at step 12400: 0.539575
2026-05-12 09:13:23 INFO     Training average positive_sample_loss at step 12500: 0.544419
2026-05-12 09:13:23 INFO     Training average negative_sample_loss at step 12500: 0.536541
2026-05-12 09:13:23 INFO     Training average loss at step 12500: 0.540480
2026-05-12 09:13:25 INFO     Training average positive_sample_loss at step 12600: 0.544767
2026-05-12 09:13:25 INFO     Training average negative_sample_loss at step 12600: 0.536044
2026-05-12 09:13:25 INFO     Training average loss at step 12600: 0.540406
2026-05-12 09:13:27 INFO     Training average positive_sample_loss at step 12700: 0.544329
2026-05-12 09:13:27 INFO     Training average negative_sample_loss at step 12700: 0.536651
2026-05-12 09:13:27 INFO     Training average loss at step 12700: 0.540490
2026-05-12 09:13:29 INFO     Training average positive_sample_loss at step 12800: 0.545476
2026-05-12 09:13:29 INFO     Training average negative_sample_loss at step 12800: 0.537657
2026-05-12 09:13:29 INFO     Training average loss at step 12800: 0.541566
2026-05-12 09:13:31 INFO     Training average positive_sample_loss at step 12900: 0.546472
2026-05-12 09:13:31 INFO     Training average negative_sample_loss at step 12900: 0.538638
2026-05-12 09:13:31 INFO     Training average loss at step 12900: 0.542555
2026-05-12 09:13:33 INFO     Training average positive_sample_loss at step 13000: 0.546876
2026-05-12 09:13:33 INFO     Training average negative_sample_loss at step 13000: 0.538548
2026-05-12 09:13:33 INFO     Training average loss at step 13000: 0.542712
2026-05-12 09:13:35 INFO     Training average positive_sample_loss at step 13100: 0.546668
2026-05-12 09:13:35 INFO     Training average negative_sample_loss at step 13100: 0.538541
2026-05-12 09:13:35 INFO     Training average loss at step 13100: 0.542605
2026-05-12 09:13:36 INFO     Training average positive_sample_loss at step 13200: 0.547052
2026-05-12 09:13:36 INFO     Training average negative_sample_loss at step 13200: 0.538896
2026-05-12 09:13:36 INFO     Training average loss at step 13200: 0.542974
2026-05-12 09:13:38 INFO     Training average positive_sample_loss at step 13300: 0.545657
2026-05-12 09:13:38 INFO     Training average negative_sample_loss at step 13300: 0.538369
2026-05-12 09:13:38 INFO     Training average loss at step 13300: 0.542013
2026-05-12 09:13:40 INFO     Training average positive_sample_loss at step 13400: 0.546953
2026-05-12 09:13:40 INFO     Training average negative_sample_loss at step 13400: 0.538550
2026-05-12 09:13:40 INFO     Training average loss at step 13400: 0.542751
2026-05-12 09:13:42 INFO     Training average positive_sample_loss at step 13500: 0.547665
2026-05-12 09:13:42 INFO     Training average negative_sample_loss at step 13500: 0.539308
2026-05-12 09:13:42 INFO     Training average loss at step 13500: 0.543487
2026-05-12 09:13:44 INFO     Training average positive_sample_loss at step 13600: 0.546159
2026-05-12 09:13:44 INFO     Training average negative_sample_loss at step 13600: 0.539018
2026-05-12 09:13:44 INFO     Training average loss at step 13600: 0.542589
2026-05-12 09:13:46 INFO     Training average positive_sample_loss at step 13700: 0.546955
2026-05-12 09:13:46 INFO     Training average negative_sample_loss at step 13700: 0.539026
2026-05-12 09:13:46 INFO     Training average loss at step 13700: 0.542990
2026-05-12 09:13:47 INFO     Training average positive_sample_loss at step 13800: 0.545214
2026-05-12 09:13:47 INFO     Training average negative_sample_loss at step 13800: 0.538383
2026-05-12 09:13:47 INFO     Training average loss at step 13800: 0.541798
2026-05-12 09:13:49 INFO     Training average positive_sample_loss at step 13900: 0.546611
2026-05-12 09:13:49 INFO     Training average negative_sample_loss at step 13900: 0.538419
2026-05-12 09:13:49 INFO     Training average loss at step 13900: 0.542515
2026-05-12 09:13:51 INFO     Training average positive_sample_loss at step 14000: 0.546370
2026-05-12 09:13:51 INFO     Training average negative_sample_loss at step 14000: 0.539752
2026-05-12 09:13:51 INFO     Training average loss at step 14000: 0.543061
2026-05-12 09:13:53 INFO     Training average positive_sample_loss at step 14100: 0.546276
2026-05-12 09:13:53 INFO     Training average negative_sample_loss at step 14100: 0.538158
2026-05-12 09:13:53 INFO     Training average loss at step 14100: 0.542217
2026-05-12 09:13:55 INFO     Training average positive_sample_loss at step 14200: 0.547753
2026-05-12 09:13:55 INFO     Training average negative_sample_loss at step 14200: 0.540491
2026-05-12 09:13:55 INFO     Training average loss at step 14200: 0.544122
2026-05-12 09:13:58 INFO     Training average positive_sample_loss at step 14300: 0.530933
2026-05-12 09:13:58 INFO     Training average negative_sample_loss at step 14300: 0.523734
2026-05-12 09:13:58 INFO     Training average loss at step 14300: 0.527334
2026-05-12 09:13:59 INFO     Training average positive_sample_loss at step 14400: 0.533099
2026-05-12 09:13:59 INFO     Training average negative_sample_loss at step 14400: 0.522078
2026-05-12 09:13:59 INFO     Training average loss at step 14400: 0.527588
2026-05-12 09:14:01 INFO     Training average positive_sample_loss at step 14500: 0.533485
2026-05-12 09:14:01 INFO     Training average negative_sample_loss at step 14500: 0.524433
2026-05-12 09:14:01 INFO     Training average loss at step 14500: 0.528959
2026-05-12 09:14:03 INFO     Training average positive_sample_loss at step 14600: 0.535400
2026-05-12 09:14:03 INFO     Training average negative_sample_loss at step 14600: 0.525413
2026-05-12 09:14:03 INFO     Training average loss at step 14600: 0.530406
2026-05-12 09:14:05 INFO     Training average positive_sample_loss at step 14700: 0.538618
2026-05-12 09:14:05 INFO     Training average negative_sample_loss at step 14700: 0.526956
2026-05-12 09:14:05 INFO     Training average loss at step 14700: 0.532787
2026-05-12 09:14:07 INFO     Training average positive_sample_loss at step 14800: 0.537182
2026-05-12 09:14:07 INFO     Training average negative_sample_loss at step 14800: 0.529141
2026-05-12 09:14:07 INFO     Training average loss at step 14800: 0.533162
2026-05-12 09:14:09 INFO     Training average positive_sample_loss at step 14900: 0.537249
2026-05-12 09:14:09 INFO     Training average negative_sample_loss at step 14900: 0.526865
2026-05-12 09:14:09 INFO     Training average loss at step 14900: 0.532057
2026-05-12 09:14:11 INFO     Change learning_rate to 0.000100 at step 15000
2026-05-12 09:14:11 INFO     Training average positive_sample_loss at step 15000: 0.539131
2026-05-12 09:14:11 INFO     Training average negative_sample_loss at step 15000: 0.530310
2026-05-12 09:14:11 INFO     Training average loss at step 15000: 0.534721
2026-05-12 09:14:12 INFO     Training average positive_sample_loss at step 15100: 0.538803
2026-05-12 09:14:12 INFO     Training average negative_sample_loss at step 15100: 0.526796
2026-05-12 09:14:12 INFO     Training average loss at step 15100: 0.532799
2026-05-12 09:14:14 INFO     Training average positive_sample_loss at step 15200: 0.532536
2026-05-12 09:14:14 INFO     Training average negative_sample_loss at step 15200: 0.528797
2026-05-12 09:14:14 INFO     Training average loss at step 15200: 0.530666
2026-05-12 09:14:16 INFO     Training average positive_sample_loss at step 15300: 0.529675
2026-05-12 09:14:16 INFO     Training average negative_sample_loss at step 15300: 0.528573
2026-05-12 09:14:16 INFO     Training average loss at step 15300: 0.529124
2026-05-12 09:14:18 INFO     Training average positive_sample_loss at step 15400: 0.529182
2026-05-12 09:14:18 INFO     Training average negative_sample_loss at step 15400: 0.526097
2026-05-12 09:14:18 INFO     Training average loss at step 15400: 0.527639
2026-05-12 09:14:20 INFO     Training average positive_sample_loss at step 15500: 0.529208
2026-05-12 09:14:20 INFO     Training average negative_sample_loss at step 15500: 0.526271
2026-05-12 09:14:20 INFO     Training average loss at step 15500: 0.527739
2026-05-12 09:14:22 INFO     Training average positive_sample_loss at step 15600: 0.525820
2026-05-12 09:14:22 INFO     Training average negative_sample_loss at step 15600: 0.526118
2026-05-12 09:14:22 INFO     Training average loss at step 15600: 0.525969
2026-05-12 09:14:24 INFO     Training average positive_sample_loss at step 15700: 0.526228
2026-05-12 09:14:24 INFO     Training average negative_sample_loss at step 15700: 0.524699
2026-05-12 09:14:24 INFO     Training average loss at step 15700: 0.525463
2026-05-12 09:14:25 INFO     Training average positive_sample_loss at step 15800: 0.527342
2026-05-12 09:14:25 INFO     Training average negative_sample_loss at step 15800: 0.525900
2026-05-12 09:14:25 INFO     Training average loss at step 15800: 0.526621
2026-05-12 09:14:27 INFO     Training average positive_sample_loss at step 15900: 0.524012
2026-05-12 09:14:27 INFO     Training average negative_sample_loss at step 15900: 0.524911
2026-05-12 09:14:27 INFO     Training average loss at step 15900: 0.524461
2026-05-12 09:14:29 INFO     Training average positive_sample_loss at step 16000: 0.524289
2026-05-12 09:14:29 INFO     Training average negative_sample_loss at step 16000: 0.524147
2026-05-12 09:14:29 INFO     Training average loss at step 16000: 0.524218
2026-05-12 09:14:31 INFO     Training average positive_sample_loss at step 16100: 0.523801
2026-05-12 09:14:31 INFO     Training average negative_sample_loss at step 16100: 0.521588
2026-05-12 09:14:31 INFO     Training average loss at step 16100: 0.522695
2026-05-12 09:14:33 INFO     Training average positive_sample_loss at step 16200: 0.523295
2026-05-12 09:14:33 INFO     Training average negative_sample_loss at step 16200: 0.521254
2026-05-12 09:14:33 INFO     Training average loss at step 16200: 0.522275
2026-05-12 09:14:35 INFO     Training average positive_sample_loss at step 16300: 0.522057
2026-05-12 09:14:35 INFO     Training average negative_sample_loss at step 16300: 0.521935
2026-05-12 09:14:35 INFO     Training average loss at step 16300: 0.521996
2026-05-12 09:14:36 INFO     Training average positive_sample_loss at step 16400: 0.523051
2026-05-12 09:14:36 INFO     Training average negative_sample_loss at step 16400: 0.522068
2026-05-12 09:14:36 INFO     Training average loss at step 16400: 0.522560
2026-05-12 09:14:38 INFO     Training average positive_sample_loss at step 16500: 0.522323
2026-05-12 09:14:38 INFO     Training average negative_sample_loss at step 16500: 0.520310
2026-05-12 09:14:38 INFO     Training average loss at step 16500: 0.521317
2026-05-12 09:14:41 INFO     Training average positive_sample_loss at step 16600: 0.519802
2026-05-12 09:14:41 INFO     Training average negative_sample_loss at step 16600: 0.520826
2026-05-12 09:14:41 INFO     Training average loss at step 16600: 0.520314
2026-05-12 09:14:43 INFO     Training average positive_sample_loss at step 16700: 0.501979
2026-05-12 09:14:43 INFO     Training average negative_sample_loss at step 16700: 0.511175
2026-05-12 09:14:43 INFO     Training average loss at step 16700: 0.506577
2026-05-12 09:14:45 INFO     Training average positive_sample_loss at step 16800: 0.507883
2026-05-12 09:14:45 INFO     Training average negative_sample_loss at step 16800: 0.507904
2026-05-12 09:14:45 INFO     Training average loss at step 16800: 0.507893
2026-05-12 09:14:47 INFO     Training average positive_sample_loss at step 16900: 0.507942
2026-05-12 09:14:47 INFO     Training average negative_sample_loss at step 16900: 0.506064
2026-05-12 09:14:47 INFO     Training average loss at step 16900: 0.507003
2026-05-12 09:14:49 INFO     Training average positive_sample_loss at step 17000: 0.508684
2026-05-12 09:14:49 INFO     Training average negative_sample_loss at step 17000: 0.505483
2026-05-12 09:14:49 INFO     Training average loss at step 17000: 0.507084
2026-05-12 09:14:51 INFO     Training average positive_sample_loss at step 17100: 0.509270
2026-05-12 09:14:51 INFO     Training average negative_sample_loss at step 17100: 0.506495
2026-05-12 09:14:51 INFO     Training average loss at step 17100: 0.507883
2026-05-12 09:14:53 INFO     Training average positive_sample_loss at step 17200: 0.510856
2026-05-12 09:14:53 INFO     Training average negative_sample_loss at step 17200: 0.505434
2026-05-12 09:14:53 INFO     Training average loss at step 17200: 0.508145
2026-05-12 09:14:54 INFO     Training average positive_sample_loss at step 17300: 0.509207
2026-05-12 09:14:54 INFO     Training average negative_sample_loss at step 17300: 0.505770
2026-05-12 09:14:54 INFO     Training average loss at step 17300: 0.507489
2026-05-12 09:14:56 INFO     Training average positive_sample_loss at step 17400: 0.509166
2026-05-12 09:14:56 INFO     Training average negative_sample_loss at step 17400: 0.506627
2026-05-12 09:14:56 INFO     Training average loss at step 17400: 0.507897
2026-05-12 09:14:58 INFO     Training average positive_sample_loss at step 17500: 0.509050
2026-05-12 09:14:58 INFO     Training average negative_sample_loss at step 17500: 0.506223
2026-05-12 09:14:58 INFO     Training average loss at step 17500: 0.507636
2026-05-12 09:15:00 INFO     Training average positive_sample_loss at step 17600: 0.509195
2026-05-12 09:15:00 INFO     Training average negative_sample_loss at step 17600: 0.505790
2026-05-12 09:15:00 INFO     Training average loss at step 17600: 0.507492
2026-05-12 09:15:02 INFO     Training average positive_sample_loss at step 17700: 0.509011
2026-05-12 09:15:02 INFO     Training average negative_sample_loss at step 17700: 0.505142
2026-05-12 09:15:02 INFO     Training average loss at step 17700: 0.507076
2026-05-12 09:15:04 INFO     Training average positive_sample_loss at step 17800: 0.511628
2026-05-12 09:15:04 INFO     Training average negative_sample_loss at step 17800: 0.506700
2026-05-12 09:15:04 INFO     Training average loss at step 17800: 0.509164
2026-05-12 09:15:05 INFO     Training average positive_sample_loss at step 17900: 0.509807
2026-05-12 09:15:05 INFO     Training average negative_sample_loss at step 17900: 0.506343
2026-05-12 09:15:05 INFO     Training average loss at step 17900: 0.508075
2026-05-12 09:15:07 INFO     Training average positive_sample_loss at step 18000: 0.510725
2026-05-12 09:15:07 INFO     Training average negative_sample_loss at step 18000: 0.506343
2026-05-12 09:15:07 INFO     Training average loss at step 18000: 0.508534
2026-05-12 09:15:09 INFO     Training average positive_sample_loss at step 18100: 0.509423
2026-05-12 09:15:09 INFO     Training average negative_sample_loss at step 18100: 0.506277
2026-05-12 09:15:09 INFO     Training average loss at step 18100: 0.507850
2026-05-12 09:15:11 INFO     Training average positive_sample_loss at step 18200: 0.507901
2026-05-12 09:15:11 INFO     Training average negative_sample_loss at step 18200: 0.504358
2026-05-12 09:15:11 INFO     Training average loss at step 18200: 0.506129
2026-05-12 09:15:13 INFO     Training average positive_sample_loss at step 18300: 0.508619
2026-05-12 09:15:13 INFO     Training average negative_sample_loss at step 18300: 0.504526
2026-05-12 09:15:13 INFO     Training average loss at step 18300: 0.506573
2026-05-12 09:15:15 INFO     Training average positive_sample_loss at step 18400: 0.511167
2026-05-12 09:15:15 INFO     Training average negative_sample_loss at step 18400: 0.506736
2026-05-12 09:15:15 INFO     Training average loss at step 18400: 0.508952
2026-05-12 09:15:17 INFO     Training average positive_sample_loss at step 18500: 0.510337
2026-05-12 09:15:17 INFO     Training average negative_sample_loss at step 18500: 0.504955
2026-05-12 09:15:17 INFO     Training average loss at step 18500: 0.507646
2026-05-12 09:15:19 INFO     Training average positive_sample_loss at step 18600: 0.508782
2026-05-12 09:15:19 INFO     Training average negative_sample_loss at step 18600: 0.505097
2026-05-12 09:15:19 INFO     Training average loss at step 18600: 0.506940
2026-05-12 09:15:21 INFO     Training average positive_sample_loss at step 18700: 0.510881
2026-05-12 09:15:21 INFO     Training average negative_sample_loss at step 18700: 0.506315
2026-05-12 09:15:21 INFO     Training average loss at step 18700: 0.508598
2026-05-12 09:15:23 INFO     Training average positive_sample_loss at step 18800: 0.509641
2026-05-12 09:15:23 INFO     Training average negative_sample_loss at step 18800: 0.505854
2026-05-12 09:15:23 INFO     Training average loss at step 18800: 0.507748
2026-05-12 09:15:24 INFO     Training average positive_sample_loss at step 18900: 0.508334
2026-05-12 09:15:24 INFO     Training average negative_sample_loss at step 18900: 0.504420
2026-05-12 09:15:24 INFO     Training average loss at step 18900: 0.506377
2026-05-12 09:15:27 INFO     Training average positive_sample_loss at step 19000: 0.505605
2026-05-12 09:15:27 INFO     Training average negative_sample_loss at step 19000: 0.505444
2026-05-12 09:15:27 INFO     Training average loss at step 19000: 0.505524
2026-05-12 09:15:29 INFO     Training average positive_sample_loss at step 19100: 0.504041
2026-05-12 09:15:29 INFO     Training average negative_sample_loss at step 19100: 0.502204
2026-05-12 09:15:29 INFO     Training average loss at step 19100: 0.503122
2026-05-12 09:15:31 INFO     Training average positive_sample_loss at step 19200: 0.503245
2026-05-12 09:15:31 INFO     Training average negative_sample_loss at step 19200: 0.500066
2026-05-12 09:15:31 INFO     Training average loss at step 19200: 0.501656
2026-05-12 09:15:32 INFO     Training average positive_sample_loss at step 19300: 0.503459
2026-05-12 09:15:32 INFO     Training average negative_sample_loss at step 19300: 0.499861
2026-05-12 09:15:32 INFO     Training average loss at step 19300: 0.501660
2026-05-12 09:15:35 INFO     Training average positive_sample_loss at step 19400: 0.506241
2026-05-12 09:15:35 INFO     Training average negative_sample_loss at step 19400: 0.500049
2026-05-12 09:15:35 INFO     Training average loss at step 19400: 0.503145
2026-05-12 09:15:37 INFO     Training average positive_sample_loss at step 19500: 0.504261
2026-05-12 09:15:37 INFO     Training average negative_sample_loss at step 19500: 0.499976
2026-05-12 09:15:37 INFO     Training average loss at step 19500: 0.502119
2026-05-12 09:15:38 INFO     Training average positive_sample_loss at step 19600: 0.506440
2026-05-12 09:15:38 INFO     Training average negative_sample_loss at step 19600: 0.501238
2026-05-12 09:15:38 INFO     Training average loss at step 19600: 0.503839
2026-05-12 09:15:40 INFO     Training average positive_sample_loss at step 19700: 0.505488
2026-05-12 09:15:40 INFO     Training average negative_sample_loss at step 19700: 0.499844
2026-05-12 09:15:40 INFO     Training average loss at step 19700: 0.502666
2026-05-12 09:15:42 INFO     Training average positive_sample_loss at step 19800: 0.504893
2026-05-12 09:15:42 INFO     Training average negative_sample_loss at step 19800: 0.500990
2026-05-12 09:15:42 INFO     Training average loss at step 19800: 0.502941
2026-05-12 09:15:44 INFO     Training average positive_sample_loss at step 19900: 0.505094
2026-05-12 09:15:44 INFO     Training average negative_sample_loss at step 19900: 0.501698
2026-05-12 09:15:44 INFO     Training average loss at step 19900: 0.503396
2026-05-12 09:15:46 INFO     Training average positive_sample_loss at step 20000: 0.506442
2026-05-12 09:15:46 INFO     Training average negative_sample_loss at step 20000: 0.501526
2026-05-12 09:15:46 INFO     Training average loss at step 20000: 0.503984
2026-05-12 09:15:48 INFO     Training average positive_sample_loss at step 20100: 0.507160
2026-05-12 09:15:48 INFO     Training average negative_sample_loss at step 20100: 0.502283
2026-05-12 09:15:48 INFO     Training average loss at step 20100: 0.504722
2026-05-12 09:15:50 INFO     Training average positive_sample_loss at step 20200: 0.507691
2026-05-12 09:15:50 INFO     Training average negative_sample_loss at step 20200: 0.501285
2026-05-12 09:15:50 INFO     Training average loss at step 20200: 0.504488
2026-05-12 09:15:52 INFO     Training average positive_sample_loss at step 20300: 0.506020
2026-05-12 09:15:52 INFO     Training average negative_sample_loss at step 20300: 0.501006
2026-05-12 09:15:52 INFO     Training average loss at step 20300: 0.503513
2026-05-12 09:15:54 INFO     Training average positive_sample_loss at step 20400: 0.506229
2026-05-12 09:15:54 INFO     Training average negative_sample_loss at step 20400: 0.502090
2026-05-12 09:15:54 INFO     Training average loss at step 20400: 0.504160
2026-05-12 09:15:55 INFO     Training average positive_sample_loss at step 20500: 0.506413
2026-05-12 09:15:55 INFO     Training average negative_sample_loss at step 20500: 0.502622
2026-05-12 09:15:55 INFO     Training average loss at step 20500: 0.504518
2026-05-12 09:15:57 INFO     Training average positive_sample_loss at step 20600: 0.507684
2026-05-12 09:15:57 INFO     Training average negative_sample_loss at step 20600: 0.501602
2026-05-12 09:15:57 INFO     Training average loss at step 20600: 0.504643
2026-05-12 09:15:59 INFO     Training average positive_sample_loss at step 20700: 0.507292
2026-05-12 09:15:59 INFO     Training average negative_sample_loss at step 20700: 0.501272
2026-05-12 09:15:59 INFO     Training average loss at step 20700: 0.504282
2026-05-12 09:16:01 INFO     Training average positive_sample_loss at step 20800: 0.507016
2026-05-12 09:16:01 INFO     Training average negative_sample_loss at step 20800: 0.503343
2026-05-12 09:16:01 INFO     Training average loss at step 20800: 0.505179
2026-05-12 09:16:03 INFO     Training average positive_sample_loss at step 20900: 0.505130
2026-05-12 09:16:03 INFO     Training average negative_sample_loss at step 20900: 0.501031
2026-05-12 09:16:03 INFO     Training average loss at step 20900: 0.503081
2026-05-12 09:16:05 INFO     Training average positive_sample_loss at step 21000: 0.506493
2026-05-12 09:16:05 INFO     Training average negative_sample_loss at step 21000: 0.500573
2026-05-12 09:16:05 INFO     Training average loss at step 21000: 0.503533
2026-05-12 09:16:07 INFO     Training average positive_sample_loss at step 21100: 0.506599
2026-05-12 09:16:07 INFO     Training average negative_sample_loss at step 21100: 0.503467
2026-05-12 09:16:07 INFO     Training average loss at step 21100: 0.505033
2026-05-12 09:16:09 INFO     Training average positive_sample_loss at step 21200: 0.508155
2026-05-12 09:16:09 INFO     Training average negative_sample_loss at step 21200: 0.501665
2026-05-12 09:16:09 INFO     Training average loss at step 21200: 0.504910
