2026-05-12 09:32:16 INFO     Model: CogRE
2026-05-12 09:32:16 INFO     Data Path: ../data/algebra2005
2026-05-12 09:32:16 INFO     #entity: 1770
2026-05-12 09:32:16 INFO     #relation: 274
2026-05-12 09:32:16 INFO     #train: 606280
2026-05-12 09:32:16 INFO     Model Parameter Configuration:
2026-05-12 09:32:16 INFO     Parameter gamma: torch.Size([1]), require_grad = False
2026-05-12 09:32:16 INFO     Parameter embedding_range: torch.Size([1]), require_grad = False
2026-05-12 09:32:16 INFO     Parameter entity_embedding: torch.Size([1770, 500]), require_grad = True
2026-05-12 09:32:16 INFO     Parameter relation_embedding: torch.Size([274, 2000]), require_grad = True
2026-05-12 09:32:19 INFO     Ramdomly Initializing CogRE Model...
2026-05-12 09:32:19 INFO     Start Training...
2026-05-12 09:32:19 INFO     init_step = 0
2026-05-12 09:32:19 INFO     batch_size = 512
2026-05-12 09:32:19 INFO     negative_adversarial_sampling = 1
2026-05-12 09:32:19 INFO     hidden_dim = 500
2026-05-12 09:32:19 INFO     gamma = 12.000000
2026-05-12 09:32:19 INFO     negative_adversarial_sampling = True
2026-05-12 09:32:19 INFO     adversarial_temperature = 1.000000
2026-05-12 09:32:19 INFO     learning_rate = 0
2026-05-12 09:32:19 INFO     Training average positive_sample_loss at step 0: 0.002697
2026-05-12 09:32:19 INFO     Training average negative_sample_loss at step 0: 5.973471
2026-05-12 09:32:19 INFO     Training average loss at step 0: 2.988084
2026-05-12 09:32:21 INFO     Training average positive_sample_loss at step 100: 0.587802
2026-05-12 09:32:21 INFO     Training average negative_sample_loss at step 100: 1.211027
2026-05-12 09:32:21 INFO     Training average loss at step 100: 0.899415
2026-05-12 09:32:23 INFO     Training average positive_sample_loss at step 200: 0.613915
2026-05-12 09:32:23 INFO     Training average negative_sample_loss at step 200: 0.662333
2026-05-12 09:32:23 INFO     Training average loss at step 200: 0.638124
2026-05-12 09:32:25 INFO     Training average positive_sample_loss at step 300: 0.617072
2026-05-12 09:32:25 INFO     Training average negative_sample_loss at step 300: 0.655486
2026-05-12 09:32:25 INFO     Training average loss at step 300: 0.636279
2026-05-12 09:32:27 INFO     Training average positive_sample_loss at step 400: 0.611151
2026-05-12 09:32:27 INFO     Training average negative_sample_loss at step 400: 0.646203
2026-05-12 09:32:27 INFO     Training average loss at step 400: 0.628677
2026-05-12 09:32:29 INFO     Training average positive_sample_loss at step 500: 0.607416
2026-05-12 09:32:29 INFO     Training average negative_sample_loss at step 500: 0.641553
2026-05-12 09:32:29 INFO     Training average loss at step 500: 0.624485
2026-05-12 09:32:31 INFO     Training average positive_sample_loss at step 600: 0.607056
2026-05-12 09:32:31 INFO     Training average negative_sample_loss at step 600: 0.642871
2026-05-12 09:32:31 INFO     Training average loss at step 600: 0.624964
2026-05-12 09:32:33 INFO     Training average positive_sample_loss at step 700: 0.608070
2026-05-12 09:32:33 INFO     Training average negative_sample_loss at step 700: 0.640276
2026-05-12 09:32:33 INFO     Training average loss at step 700: 0.624173
2026-05-12 09:32:35 INFO     Training average positive_sample_loss at step 800: 0.608782
2026-05-12 09:32:35 INFO     Training average negative_sample_loss at step 800: 0.640415
2026-05-12 09:32:35 INFO     Training average loss at step 800: 0.624599
2026-05-12 09:32:36 INFO     Training average positive_sample_loss at step 900: 0.609408
2026-05-12 09:32:36 INFO     Training average negative_sample_loss at step 900: 0.636900
2026-05-12 09:32:36 INFO     Training average loss at step 900: 0.623154
2026-05-12 09:32:38 INFO     Training average positive_sample_loss at step 1000: 0.609843
2026-05-12 09:32:38 INFO     Training average negative_sample_loss at step 1000: 0.637021
2026-05-12 09:32:38 INFO     Training average loss at step 1000: 0.623432
2026-05-12 09:32:40 INFO     Training average positive_sample_loss at step 1100: 0.611402
2026-05-12 09:32:40 INFO     Training average negative_sample_loss at step 1100: 0.637486
2026-05-12 09:32:40 INFO     Training average loss at step 1100: 0.624444
2026-05-12 09:32:42 INFO     Training average positive_sample_loss at step 1200: 0.609416
2026-05-12 09:32:42 INFO     Training average negative_sample_loss at step 1200: 0.634060
2026-05-12 09:32:42 INFO     Training average loss at step 1200: 0.621738
2026-05-12 09:32:44 INFO     Training average positive_sample_loss at step 1300: 0.609095
2026-05-12 09:32:44 INFO     Training average negative_sample_loss at step 1300: 0.631643
2026-05-12 09:32:44 INFO     Training average loss at step 1300: 0.620369
2026-05-12 09:32:46 INFO     Training average positive_sample_loss at step 1400: 0.607825
2026-05-12 09:32:46 INFO     Training average negative_sample_loss at step 1400: 0.629936
2026-05-12 09:32:46 INFO     Training average loss at step 1400: 0.618880
2026-05-12 09:32:48 INFO     Training average positive_sample_loss at step 1500: 0.607145
2026-05-12 09:32:48 INFO     Training average negative_sample_loss at step 1500: 0.629268
2026-05-12 09:32:48 INFO     Training average loss at step 1500: 0.618206
2026-05-12 09:32:50 INFO     Training average positive_sample_loss at step 1600: 0.606220
2026-05-12 09:32:50 INFO     Training average negative_sample_loss at step 1600: 0.626450
2026-05-12 09:32:50 INFO     Training average loss at step 1600: 0.616335
2026-05-12 09:32:51 INFO     Training average positive_sample_loss at step 1700: 0.605554
2026-05-12 09:32:51 INFO     Training average negative_sample_loss at step 1700: 0.625583
2026-05-12 09:32:51 INFO     Training average loss at step 1700: 0.615569
2026-05-12 09:32:53 INFO     Training average positive_sample_loss at step 1800: 0.605249
2026-05-12 09:32:53 INFO     Training average negative_sample_loss at step 1800: 0.624499
2026-05-12 09:32:53 INFO     Training average loss at step 1800: 0.614874
2026-05-12 09:32:55 INFO     Training average positive_sample_loss at step 1900: 0.605458
2026-05-12 09:32:55 INFO     Training average negative_sample_loss at step 1900: 0.623277
2026-05-12 09:32:55 INFO     Training average loss at step 1900: 0.614367
2026-05-12 09:32:57 INFO     Training average positive_sample_loss at step 2000: 0.602837
2026-05-12 09:32:57 INFO     Training average negative_sample_loss at step 2000: 0.620248
2026-05-12 09:32:57 INFO     Training average loss at step 2000: 0.611542
2026-05-12 09:32:59 INFO     Training average positive_sample_loss at step 2100: 0.603702
2026-05-12 09:32:59 INFO     Training average negative_sample_loss at step 2100: 0.620059
2026-05-12 09:32:59 INFO     Training average loss at step 2100: 0.611880
2026-05-12 09:33:01 INFO     Training average positive_sample_loss at step 2200: 0.602020
2026-05-12 09:33:01 INFO     Training average negative_sample_loss at step 2200: 0.618775
2026-05-12 09:33:01 INFO     Training average loss at step 2200: 0.610397
2026-05-12 09:33:02 INFO     Training average positive_sample_loss at step 2300: 0.601863
2026-05-12 09:33:02 INFO     Training average negative_sample_loss at step 2300: 0.615911
2026-05-12 09:33:02 INFO     Training average loss at step 2300: 0.608887
2026-05-12 09:33:05 INFO     Training average positive_sample_loss at step 2400: 0.595735
2026-05-12 09:33:05 INFO     Training average negative_sample_loss at step 2400: 0.609681
2026-05-12 09:33:05 INFO     Training average loss at step 2400: 0.602708
2026-05-12 09:33:07 INFO     Training average positive_sample_loss at step 2500: 0.586012
2026-05-12 09:33:07 INFO     Training average negative_sample_loss at step 2500: 0.596905
2026-05-12 09:33:07 INFO     Training average loss at step 2500: 0.591458
2026-05-12 09:33:09 INFO     Training average positive_sample_loss at step 2600: 0.587907
2026-05-12 09:33:09 INFO     Training average negative_sample_loss at step 2600: 0.597051
2026-05-12 09:33:09 INFO     Training average loss at step 2600: 0.592479
2026-05-12 09:33:10 INFO     Training average positive_sample_loss at step 2700: 0.590538
2026-05-12 09:33:10 INFO     Training average negative_sample_loss at step 2700: 0.598664
2026-05-12 09:33:10 INFO     Training average loss at step 2700: 0.594601
2026-05-12 09:33:12 INFO     Training average positive_sample_loss at step 2800: 0.590604
2026-05-12 09:33:12 INFO     Training average negative_sample_loss at step 2800: 0.599059
2026-05-12 09:33:12 INFO     Training average loss at step 2800: 0.594831
2026-05-12 09:33:14 INFO     Training average positive_sample_loss at step 2900: 0.592502
2026-05-12 09:33:14 INFO     Training average negative_sample_loss at step 2900: 0.598689
2026-05-12 09:33:14 INFO     Training average loss at step 2900: 0.595595
2026-05-12 09:33:16 INFO     Training average positive_sample_loss at step 3000: 0.591007
2026-05-12 09:33:16 INFO     Training average negative_sample_loss at step 3000: 0.598753
2026-05-12 09:33:16 INFO     Training average loss at step 3000: 0.594880
2026-05-12 09:33:18 INFO     Training average positive_sample_loss at step 3100: 0.591559
2026-05-12 09:33:18 INFO     Training average negative_sample_loss at step 3100: 0.598139
2026-05-12 09:33:18 INFO     Training average loss at step 3100: 0.594849
2026-05-12 09:33:20 INFO     Training average positive_sample_loss at step 3200: 0.592804
2026-05-12 09:33:20 INFO     Training average negative_sample_loss at step 3200: 0.596815
2026-05-12 09:33:20 INFO     Training average loss at step 3200: 0.594810
2026-05-12 09:33:22 INFO     Training average positive_sample_loss at step 3300: 0.592190
2026-05-12 09:33:22 INFO     Training average negative_sample_loss at step 3300: 0.598442
2026-05-12 09:33:22 INFO     Training average loss at step 3300: 0.595316
2026-05-12 09:33:23 INFO     Training average positive_sample_loss at step 3400: 0.594550
2026-05-12 09:33:23 INFO     Training average negative_sample_loss at step 3400: 0.599371
2026-05-12 09:33:23 INFO     Training average loss at step 3400: 0.596960
2026-05-12 09:33:25 INFO     Training average positive_sample_loss at step 3500: 0.592515
2026-05-12 09:33:25 INFO     Training average negative_sample_loss at step 3500: 0.596510
2026-05-12 09:33:25 INFO     Training average loss at step 3500: 0.594513
2026-05-12 09:33:27 INFO     Training average positive_sample_loss at step 3600: 0.591465
2026-05-12 09:33:27 INFO     Training average negative_sample_loss at step 3600: 0.595739
2026-05-12 09:33:27 INFO     Training average loss at step 3600: 0.593602
2026-05-12 09:33:29 INFO     Training average positive_sample_loss at step 3700: 0.592784
2026-05-12 09:33:29 INFO     Training average negative_sample_loss at step 3700: 0.596379
2026-05-12 09:33:29 INFO     Training average loss at step 3700: 0.594582
2026-05-12 09:33:31 INFO     Training average positive_sample_loss at step 3800: 0.593202
2026-05-12 09:33:31 INFO     Training average negative_sample_loss at step 3800: 0.595660
2026-05-12 09:33:31 INFO     Training average loss at step 3800: 0.594431
2026-05-12 09:33:33 INFO     Training average positive_sample_loss at step 3900: 0.593444
2026-05-12 09:33:33 INFO     Training average negative_sample_loss at step 3900: 0.595762
2026-05-12 09:33:33 INFO     Training average loss at step 3900: 0.594603
2026-05-12 09:33:35 INFO     Training average positive_sample_loss at step 4000: 0.592131
2026-05-12 09:33:35 INFO     Training average negative_sample_loss at step 4000: 0.594917
2026-05-12 09:33:35 INFO     Training average loss at step 4000: 0.593524
2026-05-12 09:33:37 INFO     Training average positive_sample_loss at step 4100: 0.591250
2026-05-12 09:33:37 INFO     Training average negative_sample_loss at step 4100: 0.593897
2026-05-12 09:33:37 INFO     Training average loss at step 4100: 0.592574
2026-05-12 09:33:38 INFO     Training average positive_sample_loss at step 4200: 0.591664
2026-05-12 09:33:38 INFO     Training average negative_sample_loss at step 4200: 0.593398
2026-05-12 09:33:38 INFO     Training average loss at step 4200: 0.592531
2026-05-12 09:33:40 INFO     Training average positive_sample_loss at step 4300: 0.590512
2026-05-12 09:33:40 INFO     Training average negative_sample_loss at step 4300: 0.592715
2026-05-12 09:33:40 INFO     Training average loss at step 4300: 0.591614
2026-05-12 09:33:42 INFO     Training average positive_sample_loss at step 4400: 0.592221
2026-05-12 09:33:42 INFO     Training average negative_sample_loss at step 4400: 0.592805
2026-05-12 09:33:42 INFO     Training average loss at step 4400: 0.592513
2026-05-12 09:33:44 INFO     Training average positive_sample_loss at step 4500: 0.591555
2026-05-12 09:33:44 INFO     Training average negative_sample_loss at step 4500: 0.592255
2026-05-12 09:33:44 INFO     Training average loss at step 4500: 0.591905
2026-05-12 09:33:46 INFO     Training average positive_sample_loss at step 4600: 0.590010
2026-05-12 09:33:46 INFO     Training average negative_sample_loss at step 4600: 0.592527
2026-05-12 09:33:46 INFO     Training average loss at step 4600: 0.591268
2026-05-12 09:33:48 INFO     Training average positive_sample_loss at step 4700: 0.590579
2026-05-12 09:33:48 INFO     Training average negative_sample_loss at step 4700: 0.590598
2026-05-12 09:33:48 INFO     Training average loss at step 4700: 0.590589
2026-05-12 09:33:50 INFO     Training average positive_sample_loss at step 4800: 0.578683
2026-05-12 09:33:50 INFO     Training average negative_sample_loss at step 4800: 0.579447
2026-05-12 09:33:50 INFO     Training average loss at step 4800: 0.579065
2026-05-12 09:33:52 INFO     Training average positive_sample_loss at step 4900: 0.574370
2026-05-12 09:33:52 INFO     Training average negative_sample_loss at step 4900: 0.571257
2026-05-12 09:33:52 INFO     Training average loss at step 4900: 0.572814
2026-05-12 09:33:54 INFO     Training average positive_sample_loss at step 5000: 0.577920
2026-05-12 09:33:54 INFO     Training average negative_sample_loss at step 5000: 0.575889
2026-05-12 09:33:54 INFO     Training average loss at step 5000: 0.576904
2026-05-12 09:33:56 INFO     Training average positive_sample_loss at step 5100: 0.580842
2026-05-12 09:33:56 INFO     Training average negative_sample_loss at step 5100: 0.576723
2026-05-12 09:33:56 INFO     Training average loss at step 5100: 0.578782
2026-05-12 09:33:58 INFO     Training average positive_sample_loss at step 5200: 0.580161
2026-05-12 09:33:58 INFO     Training average negative_sample_loss at step 5200: 0.575740
2026-05-12 09:33:58 INFO     Training average loss at step 5200: 0.577951
2026-05-12 09:34:00 INFO     Training average positive_sample_loss at step 5300: 0.580338
2026-05-12 09:34:00 INFO     Training average negative_sample_loss at step 5300: 0.577043
2026-05-12 09:34:00 INFO     Training average loss at step 5300: 0.578691
2026-05-12 09:34:02 INFO     Training average positive_sample_loss at step 5400: 0.582187
2026-05-12 09:34:02 INFO     Training average negative_sample_loss at step 5400: 0.576841
2026-05-12 09:34:02 INFO     Training average loss at step 5400: 0.579514
2026-05-12 09:34:03 INFO     Training average positive_sample_loss at step 5500: 0.581424
2026-05-12 09:34:03 INFO     Training average negative_sample_loss at step 5500: 0.577742
2026-05-12 09:34:03 INFO     Training average loss at step 5500: 0.579583
2026-05-12 09:34:05 INFO     Training average positive_sample_loss at step 5600: 0.581819
2026-05-12 09:34:05 INFO     Training average negative_sample_loss at step 5600: 0.577042
2026-05-12 09:34:05 INFO     Training average loss at step 5600: 0.579431
2026-05-12 09:34:07 INFO     Training average positive_sample_loss at step 5700: 0.582262
2026-05-12 09:34:07 INFO     Training average negative_sample_loss at step 5700: 0.578643
2026-05-12 09:34:07 INFO     Training average loss at step 5700: 0.580452
2026-05-12 09:34:09 INFO     Training average positive_sample_loss at step 5800: 0.583773
2026-05-12 09:34:09 INFO     Training average negative_sample_loss at step 5800: 0.579086
2026-05-12 09:34:09 INFO     Training average loss at step 5800: 0.581429
2026-05-12 09:34:11 INFO     Training average positive_sample_loss at step 5900: 0.583741
2026-05-12 09:34:11 INFO     Training average negative_sample_loss at step 5900: 0.579323
2026-05-12 09:34:11 INFO     Training average loss at step 5900: 0.581532
2026-05-12 09:34:13 INFO     Training average positive_sample_loss at step 6000: 0.582782
2026-05-12 09:34:13 INFO     Training average negative_sample_loss at step 6000: 0.579054
2026-05-12 09:34:13 INFO     Training average loss at step 6000: 0.580918
2026-05-12 09:34:15 INFO     Training average positive_sample_loss at step 6100: 0.582726
2026-05-12 09:34:15 INFO     Training average negative_sample_loss at step 6100: 0.578558
2026-05-12 09:34:15 INFO     Training average loss at step 6100: 0.580642
2026-05-12 09:34:17 INFO     Training average positive_sample_loss at step 6200: 0.582072
2026-05-12 09:34:17 INFO     Training average negative_sample_loss at step 6200: 0.577760
2026-05-12 09:34:17 INFO     Training average loss at step 6200: 0.579916
2026-05-12 09:34:18 INFO     Training average positive_sample_loss at step 6300: 0.583848
2026-05-12 09:34:18 INFO     Training average negative_sample_loss at step 6300: 0.579037
2026-05-12 09:34:18 INFO     Training average loss at step 6300: 0.581442
2026-05-12 09:34:20 INFO     Training average positive_sample_loss at step 6400: 0.583443
2026-05-12 09:34:20 INFO     Training average negative_sample_loss at step 6400: 0.578370
2026-05-12 09:34:20 INFO     Training average loss at step 6400: 0.580907
2026-05-12 09:34:22 INFO     Training average positive_sample_loss at step 6500: 0.580816
2026-05-12 09:34:22 INFO     Training average negative_sample_loss at step 6500: 0.576031
2026-05-12 09:34:22 INFO     Training average loss at step 6500: 0.578423
2026-05-12 09:34:24 INFO     Training average positive_sample_loss at step 6600: 0.582438
2026-05-12 09:34:24 INFO     Training average negative_sample_loss at step 6600: 0.578710
2026-05-12 09:34:24 INFO     Training average loss at step 6600: 0.580574
2026-05-12 09:34:26 INFO     Training average positive_sample_loss at step 6700: 0.580907
2026-05-12 09:34:26 INFO     Training average negative_sample_loss at step 6700: 0.576611
2026-05-12 09:34:26 INFO     Training average loss at step 6700: 0.578759
2026-05-12 09:34:28 INFO     Training average positive_sample_loss at step 6800: 0.581061
2026-05-12 09:34:28 INFO     Training average negative_sample_loss at step 6800: 0.576226
2026-05-12 09:34:28 INFO     Training average loss at step 6800: 0.578644
2026-05-12 09:34:30 INFO     Training average positive_sample_loss at step 6900: 0.582142
2026-05-12 09:34:30 INFO     Training average negative_sample_loss at step 6900: 0.577326
2026-05-12 09:34:30 INFO     Training average loss at step 6900: 0.579734
2026-05-12 09:34:32 INFO     Training average positive_sample_loss at step 7000: 0.581819
2026-05-12 09:34:32 INFO     Training average negative_sample_loss at step 7000: 0.576521
2026-05-12 09:34:32 INFO     Training average loss at step 7000: 0.579170
2026-05-12 09:34:33 INFO     Training average positive_sample_loss at step 7100: 0.580511
2026-05-12 09:34:33 INFO     Training average negative_sample_loss at step 7100: 0.576734
2026-05-12 09:34:33 INFO     Training average loss at step 7100: 0.578623
2026-05-12 09:34:36 INFO     Training average positive_sample_loss at step 7200: 0.567482
2026-05-12 09:34:36 INFO     Training average negative_sample_loss at step 7200: 0.560091
2026-05-12 09:34:36 INFO     Training average loss at step 7200: 0.563786
2026-05-12 09:34:38 INFO     Training average positive_sample_loss at step 7300: 0.569119
2026-05-12 09:34:38 INFO     Training average negative_sample_loss at step 7300: 0.561397
2026-05-12 09:34:38 INFO     Training average loss at step 7300: 0.565258
2026-05-12 09:34:40 INFO     Training average positive_sample_loss at step 7400: 0.570178
2026-05-12 09:34:40 INFO     Training average negative_sample_loss at step 7400: 0.561689
2026-05-12 09:34:40 INFO     Training average loss at step 7400: 0.565933
2026-05-12 09:34:42 INFO     Training average positive_sample_loss at step 7500: 0.572117
2026-05-12 09:34:42 INFO     Training average negative_sample_loss at step 7500: 0.564439
2026-05-12 09:34:42 INFO     Training average loss at step 7500: 0.568278
2026-05-12 09:34:43 INFO     Training average positive_sample_loss at step 7600: 0.573357
2026-05-12 09:34:43 INFO     Training average negative_sample_loss at step 7600: 0.564609
2026-05-12 09:34:43 INFO     Training average loss at step 7600: 0.568983
2026-05-12 09:34:45 INFO     Training average positive_sample_loss at step 7700: 0.573172
2026-05-12 09:34:45 INFO     Training average negative_sample_loss at step 7700: 0.565271
2026-05-12 09:34:45 INFO     Training average loss at step 7700: 0.569221
2026-05-12 09:34:47 INFO     Training average positive_sample_loss at step 7800: 0.574774
2026-05-12 09:34:47 INFO     Training average negative_sample_loss at step 7800: 0.566362
2026-05-12 09:34:47 INFO     Training average loss at step 7800: 0.570568
2026-05-12 09:34:49 INFO     Training average positive_sample_loss at step 7900: 0.575404
2026-05-12 09:34:49 INFO     Training average negative_sample_loss at step 7900: 0.567011
2026-05-12 09:34:49 INFO     Training average loss at step 7900: 0.571207
2026-05-12 09:34:51 INFO     Training average positive_sample_loss at step 8000: 0.573801
2026-05-12 09:34:51 INFO     Training average negative_sample_loss at step 8000: 0.565432
2026-05-12 09:34:51 INFO     Training average loss at step 8000: 0.569617
2026-05-12 09:34:53 INFO     Training average positive_sample_loss at step 8100: 0.573795
2026-05-12 09:34:53 INFO     Training average negative_sample_loss at step 8100: 0.566134
2026-05-12 09:34:53 INFO     Training average loss at step 8100: 0.569965
2026-05-12 09:34:54 INFO     Training average positive_sample_loss at step 8200: 0.576475
2026-05-12 09:34:54 INFO     Training average negative_sample_loss at step 8200: 0.567235
2026-05-12 09:34:54 INFO     Training average loss at step 8200: 0.571855
2026-05-12 09:34:56 INFO     Training average positive_sample_loss at step 8300: 0.575181
2026-05-12 09:34:56 INFO     Training average negative_sample_loss at step 8300: 0.568002
2026-05-12 09:34:56 INFO     Training average loss at step 8300: 0.571592
2026-05-12 09:34:58 INFO     Training average positive_sample_loss at step 8400: 0.574552
2026-05-12 09:34:58 INFO     Training average negative_sample_loss at step 8400: 0.567207
2026-05-12 09:34:58 INFO     Training average loss at step 8400: 0.570880
2026-05-12 09:35:00 INFO     Training average positive_sample_loss at step 8500: 0.576635
2026-05-12 09:35:00 INFO     Training average negative_sample_loss at step 8500: 0.568785
2026-05-12 09:35:00 INFO     Training average loss at step 8500: 0.572710
2026-05-12 09:35:02 INFO     Training average positive_sample_loss at step 8600: 0.574728
2026-05-12 09:35:02 INFO     Training average negative_sample_loss at step 8600: 0.566674
2026-05-12 09:35:02 INFO     Training average loss at step 8600: 0.570701
2026-05-12 09:35:04 INFO     Training average positive_sample_loss at step 8700: 0.575384
2026-05-12 09:35:04 INFO     Training average negative_sample_loss at step 8700: 0.568017
2026-05-12 09:35:04 INFO     Training average loss at step 8700: 0.571701
2026-05-12 09:35:06 INFO     Training average positive_sample_loss at step 8800: 0.576763
2026-05-12 09:35:06 INFO     Training average negative_sample_loss at step 8800: 0.568190
2026-05-12 09:35:06 INFO     Training average loss at step 8800: 0.572476
2026-05-12 09:35:07 INFO     Training average positive_sample_loss at step 8900: 0.576014
2026-05-12 09:35:07 INFO     Training average negative_sample_loss at step 8900: 0.568819
2026-05-12 09:35:07 INFO     Training average loss at step 8900: 0.572417
2026-05-12 09:35:09 INFO     Training average positive_sample_loss at step 9000: 0.577349
2026-05-12 09:35:09 INFO     Training average negative_sample_loss at step 9000: 0.568968
2026-05-12 09:35:09 INFO     Training average loss at step 9000: 0.573159
2026-05-12 09:35:11 INFO     Training average positive_sample_loss at step 9100: 0.574815
2026-05-12 09:35:11 INFO     Training average negative_sample_loss at step 9100: 0.568152
2026-05-12 09:35:11 INFO     Training average loss at step 9100: 0.571483
2026-05-12 09:35:13 INFO     Training average positive_sample_loss at step 9200: 0.574544
2026-05-12 09:35:13 INFO     Training average negative_sample_loss at step 9200: 0.567869
2026-05-12 09:35:13 INFO     Training average loss at step 9200: 0.571206
2026-05-12 09:35:15 INFO     Training average positive_sample_loss at step 9300: 0.575388
2026-05-12 09:35:15 INFO     Training average negative_sample_loss at step 9300: 0.567255
2026-05-12 09:35:15 INFO     Training average loss at step 9300: 0.571322
2026-05-12 09:35:17 INFO     Training average positive_sample_loss at step 9400: 0.575766
2026-05-12 09:35:17 INFO     Training average negative_sample_loss at step 9400: 0.568785
2026-05-12 09:35:17 INFO     Training average loss at step 9400: 0.572275
2026-05-12 09:35:19 INFO     Training average positive_sample_loss at step 9500: 0.571287
2026-05-12 09:35:19 INFO     Training average negative_sample_loss at step 9500: 0.564655
2026-05-12 09:35:19 INFO     Training average loss at step 9500: 0.567971
2026-05-12 09:35:21 INFO     Training average positive_sample_loss at step 9600: 0.561536
2026-05-12 09:35:21 INFO     Training average negative_sample_loss at step 9600: 0.551003
2026-05-12 09:35:21 INFO     Training average loss at step 9600: 0.556270
2026-05-12 09:35:23 INFO     Training average positive_sample_loss at step 9700: 0.563305
2026-05-12 09:35:23 INFO     Training average negative_sample_loss at step 9700: 0.553572
2026-05-12 09:35:23 INFO     Training average loss at step 9700: 0.558438
2026-05-12 09:35:25 INFO     Training average positive_sample_loss at step 9800: 0.565315
2026-05-12 09:35:25 INFO     Training average negative_sample_loss at step 9800: 0.554672
2026-05-12 09:35:25 INFO     Training average loss at step 9800: 0.559994
2026-05-12 09:35:27 INFO     Training average positive_sample_loss at step 9900: 0.565321
2026-05-12 09:35:27 INFO     Training average negative_sample_loss at step 9900: 0.554783
2026-05-12 09:35:27 INFO     Training average loss at step 9900: 0.560052
2026-05-12 09:35:28 INFO     Training average positive_sample_loss at step 10000: 0.567477
2026-05-12 09:35:28 INFO     Training average negative_sample_loss at step 10000: 0.556032
2026-05-12 09:35:28 INFO     Training average loss at step 10000: 0.561755
2026-05-12 09:35:30 INFO     Training average positive_sample_loss at step 10100: 0.568187
2026-05-12 09:35:30 INFO     Training average negative_sample_loss at step 10100: 0.558283
2026-05-12 09:35:30 INFO     Training average loss at step 10100: 0.563235
2026-05-12 09:35:32 INFO     Training average positive_sample_loss at step 10200: 0.567994
2026-05-12 09:35:32 INFO     Training average negative_sample_loss at step 10200: 0.558385
2026-05-12 09:35:32 INFO     Training average loss at step 10200: 0.563189
2026-05-12 09:35:34 INFO     Training average positive_sample_loss at step 10300: 0.568297
2026-05-12 09:35:34 INFO     Training average negative_sample_loss at step 10300: 0.558246
2026-05-12 09:35:34 INFO     Training average loss at step 10300: 0.563271
2026-05-12 09:35:36 INFO     Training average positive_sample_loss at step 10400: 0.566884
2026-05-12 09:35:36 INFO     Training average negative_sample_loss at step 10400: 0.557705
2026-05-12 09:35:36 INFO     Training average loss at step 10400: 0.562295
2026-05-12 09:35:38 INFO     Training average positive_sample_loss at step 10500: 0.569261
2026-05-12 09:35:38 INFO     Training average negative_sample_loss at step 10500: 0.560204
2026-05-12 09:35:38 INFO     Training average loss at step 10500: 0.564732
2026-05-12 09:35:40 INFO     Training average positive_sample_loss at step 10600: 0.569543
2026-05-12 09:35:40 INFO     Training average negative_sample_loss at step 10600: 0.559591
2026-05-12 09:35:40 INFO     Training average loss at step 10600: 0.564567
2026-05-12 09:35:42 INFO     Training average positive_sample_loss at step 10700: 0.569153
2026-05-12 09:35:42 INFO     Training average negative_sample_loss at step 10700: 0.558272
2026-05-12 09:35:42 INFO     Training average loss at step 10700: 0.563712
2026-05-12 09:35:44 INFO     Training average positive_sample_loss at step 10800: 0.570347
2026-05-12 09:35:44 INFO     Training average negative_sample_loss at step 10800: 0.561327
2026-05-12 09:35:44 INFO     Training average loss at step 10800: 0.565837
2026-05-12 09:35:46 INFO     Training average positive_sample_loss at step 10900: 0.569839
2026-05-12 09:35:46 INFO     Training average negative_sample_loss at step 10900: 0.560653
2026-05-12 09:35:46 INFO     Training average loss at step 10900: 0.565246
2026-05-12 09:35:47 INFO     Training average positive_sample_loss at step 11000: 0.569279
2026-05-12 09:35:47 INFO     Training average negative_sample_loss at step 11000: 0.560938
2026-05-12 09:35:47 INFO     Training average loss at step 11000: 0.565108
2026-05-12 09:35:49 INFO     Training average positive_sample_loss at step 11100: 0.568913
2026-05-12 09:35:49 INFO     Training average negative_sample_loss at step 11100: 0.560207
2026-05-12 09:35:49 INFO     Training average loss at step 11100: 0.564560
2026-05-12 09:35:51 INFO     Training average positive_sample_loss at step 11200: 0.571167
2026-05-12 09:35:51 INFO     Training average negative_sample_loss at step 11200: 0.560398
2026-05-12 09:35:51 INFO     Training average loss at step 11200: 0.565782
2026-05-12 09:35:53 INFO     Training average positive_sample_loss at step 11300: 0.569158
2026-05-12 09:35:53 INFO     Training average negative_sample_loss at step 11300: 0.561191
2026-05-12 09:35:53 INFO     Training average loss at step 11300: 0.565174
2026-05-12 09:35:55 INFO     Training average positive_sample_loss at step 11400: 0.569817
2026-05-12 09:35:55 INFO     Training average negative_sample_loss at step 11400: 0.560245
2026-05-12 09:35:55 INFO     Training average loss at step 11400: 0.565031
2026-05-12 09:35:57 INFO     Training average positive_sample_loss at step 11500: 0.569490
2026-05-12 09:35:57 INFO     Training average negative_sample_loss at step 11500: 0.560599
2026-05-12 09:35:57 INFO     Training average loss at step 11500: 0.565044
2026-05-12 09:35:58 INFO     Training average positive_sample_loss at step 11600: 0.568136
2026-05-12 09:35:58 INFO     Training average negative_sample_loss at step 11600: 0.559735
2026-05-12 09:35:58 INFO     Training average loss at step 11600: 0.563936
2026-05-12 09:36:00 INFO     Training average positive_sample_loss at step 11700: 0.570432
2026-05-12 09:36:00 INFO     Training average negative_sample_loss at step 11700: 0.560818
2026-05-12 09:36:00 INFO     Training average loss at step 11700: 0.565625
2026-05-12 09:36:02 INFO     Training average positive_sample_loss at step 11800: 0.567301
2026-05-12 09:36:02 INFO     Training average negative_sample_loss at step 11800: 0.559575
2026-05-12 09:36:02 INFO     Training average loss at step 11800: 0.563438
2026-05-12 09:36:05 INFO     Training average positive_sample_loss at step 11900: 0.562372
2026-05-12 09:36:05 INFO     Training average negative_sample_loss at step 11900: 0.552447
2026-05-12 09:36:05 INFO     Training average loss at step 11900: 0.557409
2026-05-12 09:36:07 INFO     Training average positive_sample_loss at step 12000: 0.555966
2026-05-12 09:36:07 INFO     Training average negative_sample_loss at step 12000: 0.545482
2026-05-12 09:36:07 INFO     Training average loss at step 12000: 0.550724
2026-05-12 09:36:08 INFO     Training average positive_sample_loss at step 12100: 0.557252
2026-05-12 09:36:08 INFO     Training average negative_sample_loss at step 12100: 0.545378
2026-05-12 09:36:08 INFO     Training average loss at step 12100: 0.551315
2026-05-12 09:36:10 INFO     Training average positive_sample_loss at step 12200: 0.559513
2026-05-12 09:36:10 INFO     Training average negative_sample_loss at step 12200: 0.547488
2026-05-12 09:36:10 INFO     Training average loss at step 12200: 0.553501
2026-05-12 09:36:12 INFO     Training average positive_sample_loss at step 12300: 0.559783
2026-05-12 09:36:12 INFO     Training average negative_sample_loss at step 12300: 0.548941
2026-05-12 09:36:12 INFO     Training average loss at step 12300: 0.554362
2026-05-12 09:36:14 INFO     Training average positive_sample_loss at step 12400: 0.561124
2026-05-12 09:36:14 INFO     Training average negative_sample_loss at step 12400: 0.548962
2026-05-12 09:36:14 INFO     Training average loss at step 12400: 0.555043
2026-05-12 09:36:16 INFO     Training average positive_sample_loss at step 12500: 0.561877
2026-05-12 09:36:16 INFO     Training average negative_sample_loss at step 12500: 0.550323
2026-05-12 09:36:16 INFO     Training average loss at step 12500: 0.556100
2026-05-12 09:36:18 INFO     Training average positive_sample_loss at step 12600: 0.562414
2026-05-12 09:36:18 INFO     Training average negative_sample_loss at step 12600: 0.551968
2026-05-12 09:36:18 INFO     Training average loss at step 12600: 0.557191
2026-05-12 09:36:20 INFO     Training average positive_sample_loss at step 12700: 0.562397
2026-05-12 09:36:20 INFO     Training average negative_sample_loss at step 12700: 0.550902
2026-05-12 09:36:20 INFO     Training average loss at step 12700: 0.556650
2026-05-12 09:36:22 INFO     Training average positive_sample_loss at step 12800: 0.563292
2026-05-12 09:36:22 INFO     Training average negative_sample_loss at step 12800: 0.552918
2026-05-12 09:36:22 INFO     Training average loss at step 12800: 0.558105
2026-05-12 09:36:23 INFO     Training average positive_sample_loss at step 12900: 0.563645
2026-05-12 09:36:23 INFO     Training average negative_sample_loss at step 12900: 0.551429
2026-05-12 09:36:23 INFO     Training average loss at step 12900: 0.557537
2026-05-12 09:36:25 INFO     Training average positive_sample_loss at step 13000: 0.563718
2026-05-12 09:36:25 INFO     Training average negative_sample_loss at step 13000: 0.553724
2026-05-12 09:36:25 INFO     Training average loss at step 13000: 0.558721
2026-05-12 09:36:27 INFO     Training average positive_sample_loss at step 13100: 0.563690
2026-05-12 09:36:27 INFO     Training average negative_sample_loss at step 13100: 0.552224
2026-05-12 09:36:27 INFO     Training average loss at step 13100: 0.557957
2026-05-12 09:36:29 INFO     Training average positive_sample_loss at step 13200: 0.564305
2026-05-12 09:36:29 INFO     Training average negative_sample_loss at step 13200: 0.554832
2026-05-12 09:36:29 INFO     Training average loss at step 13200: 0.559569
2026-05-12 09:36:31 INFO     Training average positive_sample_loss at step 13300: 0.563825
2026-05-12 09:36:31 INFO     Training average negative_sample_loss at step 13300: 0.553594
2026-05-12 09:36:31 INFO     Training average loss at step 13300: 0.558709
2026-05-12 09:36:33 INFO     Training average positive_sample_loss at step 13400: 0.563108
2026-05-12 09:36:33 INFO     Training average negative_sample_loss at step 13400: 0.552539
2026-05-12 09:36:33 INFO     Training average loss at step 13400: 0.557824
2026-05-12 09:36:35 INFO     Training average positive_sample_loss at step 13500: 0.564232
2026-05-12 09:36:35 INFO     Training average negative_sample_loss at step 13500: 0.553387
2026-05-12 09:36:35 INFO     Training average loss at step 13500: 0.558810
2026-05-12 09:36:37 INFO     Training average positive_sample_loss at step 13600: 0.564047
2026-05-12 09:36:37 INFO     Training average negative_sample_loss at step 13600: 0.553941
2026-05-12 09:36:37 INFO     Training average loss at step 13600: 0.558994
2026-05-12 09:36:38 INFO     Training average positive_sample_loss at step 13700: 0.564095
2026-05-12 09:36:38 INFO     Training average negative_sample_loss at step 13700: 0.554150
2026-05-12 09:36:38 INFO     Training average loss at step 13700: 0.559122
2026-05-12 09:36:40 INFO     Training average positive_sample_loss at step 13800: 0.563729
2026-05-12 09:36:40 INFO     Training average negative_sample_loss at step 13800: 0.553516
2026-05-12 09:36:40 INFO     Training average loss at step 13800: 0.558622
2026-05-12 09:36:42 INFO     Training average positive_sample_loss at step 13900: 0.564054
2026-05-12 09:36:42 INFO     Training average negative_sample_loss at step 13900: 0.554155
2026-05-12 09:36:42 INFO     Training average loss at step 13900: 0.559104
2026-05-12 09:36:44 INFO     Training average positive_sample_loss at step 14000: 0.564602
2026-05-12 09:36:44 INFO     Training average negative_sample_loss at step 14000: 0.555226
2026-05-12 09:36:44 INFO     Training average loss at step 14000: 0.559914
2026-05-12 09:36:46 INFO     Training average positive_sample_loss at step 14100: 0.564139
2026-05-12 09:36:46 INFO     Training average negative_sample_loss at step 14100: 0.552331
2026-05-12 09:36:46 INFO     Training average loss at step 14100: 0.558235
2026-05-12 09:36:48 INFO     Training average positive_sample_loss at step 14200: 0.563458
2026-05-12 09:36:48 INFO     Training average negative_sample_loss at step 14200: 0.554217
2026-05-12 09:36:48 INFO     Training average loss at step 14200: 0.558837
2026-05-12 09:36:50 INFO     Training average positive_sample_loss at step 14300: 0.552081
2026-05-12 09:36:50 INFO     Training average negative_sample_loss at step 14300: 0.541025
2026-05-12 09:36:50 INFO     Training average loss at step 14300: 0.546553
2026-05-12 09:36:52 INFO     Training average positive_sample_loss at step 14400: 0.550784
2026-05-12 09:36:52 INFO     Training average negative_sample_loss at step 14400: 0.538010
2026-05-12 09:36:52 INFO     Training average loss at step 14400: 0.544397
2026-05-12 09:36:54 INFO     Training average positive_sample_loss at step 14500: 0.553125
2026-05-12 09:36:54 INFO     Training average negative_sample_loss at step 14500: 0.540460
2026-05-12 09:36:54 INFO     Training average loss at step 14500: 0.546793
2026-05-12 09:36:56 INFO     Training average positive_sample_loss at step 14600: 0.553845
2026-05-12 09:36:56 INFO     Training average negative_sample_loss at step 14600: 0.542024
2026-05-12 09:36:56 INFO     Training average loss at step 14600: 0.547934
2026-05-12 09:36:57 INFO     Training average positive_sample_loss at step 14700: 0.555450
2026-05-12 09:36:57 INFO     Training average negative_sample_loss at step 14700: 0.542798
2026-05-12 09:36:57 INFO     Training average loss at step 14700: 0.549124
2026-05-12 09:36:59 INFO     Training average positive_sample_loss at step 14800: 0.556011
2026-05-12 09:36:59 INFO     Training average negative_sample_loss at step 14800: 0.543313
2026-05-12 09:36:59 INFO     Training average loss at step 14800: 0.549662
2026-05-12 09:37:01 INFO     Training average positive_sample_loss at step 14900: 0.557146
2026-05-12 09:37:01 INFO     Training average negative_sample_loss at step 14900: 0.544943
2026-05-12 09:37:01 INFO     Training average loss at step 14900: 0.551045
2026-05-12 09:37:03 INFO     Change learning_rate to 0.000100 at step 15000
2026-05-12 09:37:03 INFO     Training average positive_sample_loss at step 15000: 0.556240
2026-05-12 09:37:03 INFO     Training average negative_sample_loss at step 15000: 0.544325
2026-05-12 09:37:03 INFO     Training average loss at step 15000: 0.550282
2026-05-12 09:37:05 INFO     Training average positive_sample_loss at step 15100: 0.553213
2026-05-12 09:37:05 INFO     Training average negative_sample_loss at step 15100: 0.548179
2026-05-12 09:37:05 INFO     Training average loss at step 15100: 0.550696
2026-05-12 09:37:07 INFO     Training average positive_sample_loss at step 15200: 0.546143
2026-05-12 09:37:07 INFO     Training average negative_sample_loss at step 15200: 0.547975
2026-05-12 09:37:07 INFO     Training average loss at step 15200: 0.547059
2026-05-12 09:37:09 INFO     Training average positive_sample_loss at step 15300: 0.541534
2026-05-12 09:37:09 INFO     Training average negative_sample_loss at step 15300: 0.547787
2026-05-12 09:37:09 INFO     Training average loss at step 15300: 0.544661
2026-05-12 09:37:11 INFO     Training average positive_sample_loss at step 15400: 0.541907
2026-05-12 09:37:11 INFO     Training average negative_sample_loss at step 15400: 0.548069
2026-05-12 09:37:11 INFO     Training average loss at step 15400: 0.544988
2026-05-12 09:37:13 INFO     Training average positive_sample_loss at step 15500: 0.540869
2026-05-12 09:37:13 INFO     Training average negative_sample_loss at step 15500: 0.546062
2026-05-12 09:37:13 INFO     Training average loss at step 15500: 0.543466
2026-05-12 09:37:14 INFO     Training average positive_sample_loss at step 15600: 0.539947
2026-05-12 09:37:14 INFO     Training average negative_sample_loss at step 15600: 0.544039
2026-05-12 09:37:14 INFO     Training average loss at step 15600: 0.541993
2026-05-12 09:37:16 INFO     Training average positive_sample_loss at step 15700: 0.537058
2026-05-12 09:37:16 INFO     Training average negative_sample_loss at step 15700: 0.542990
2026-05-12 09:37:16 INFO     Training average loss at step 15700: 0.540024
2026-05-12 09:37:18 INFO     Training average positive_sample_loss at step 15800: 0.538380
2026-05-12 09:37:18 INFO     Training average negative_sample_loss at step 15800: 0.542098
2026-05-12 09:37:18 INFO     Training average loss at step 15800: 0.540239
2026-05-12 09:37:20 INFO     Training average positive_sample_loss at step 15900: 0.536392
2026-05-12 09:37:20 INFO     Training average negative_sample_loss at step 15900: 0.540544
2026-05-12 09:37:20 INFO     Training average loss at step 15900: 0.538468
2026-05-12 09:37:22 INFO     Training average positive_sample_loss at step 16000: 0.535410
2026-05-12 09:37:22 INFO     Training average negative_sample_loss at step 16000: 0.539653
2026-05-12 09:37:22 INFO     Training average loss at step 16000: 0.537531
2026-05-12 09:37:24 INFO     Training average positive_sample_loss at step 16100: 0.538215
2026-05-12 09:37:24 INFO     Training average negative_sample_loss at step 16100: 0.538339
2026-05-12 09:37:24 INFO     Training average loss at step 16100: 0.538277
2026-05-12 09:37:25 INFO     Training average positive_sample_loss at step 16200: 0.533946
2026-05-12 09:37:25 INFO     Training average negative_sample_loss at step 16200: 0.538231
2026-05-12 09:37:25 INFO     Training average loss at step 16200: 0.536088
2026-05-12 09:37:27 INFO     Training average positive_sample_loss at step 16300: 0.535363
2026-05-12 09:37:27 INFO     Training average negative_sample_loss at step 16300: 0.537773
2026-05-12 09:37:27 INFO     Training average loss at step 16300: 0.536568
2026-05-12 09:37:29 INFO     Training average positive_sample_loss at step 16400: 0.533399
2026-05-12 09:37:29 INFO     Training average negative_sample_loss at step 16400: 0.536477
2026-05-12 09:37:29 INFO     Training average loss at step 16400: 0.534938
2026-05-12 09:37:31 INFO     Training average positive_sample_loss at step 16500: 0.535119
2026-05-12 09:37:31 INFO     Training average negative_sample_loss at step 16500: 0.538171
2026-05-12 09:37:31 INFO     Training average loss at step 16500: 0.536645
2026-05-12 09:37:33 INFO     Training average positive_sample_loss at step 16600: 0.530677
2026-05-12 09:37:33 INFO     Training average negative_sample_loss at step 16600: 0.535554
2026-05-12 09:37:33 INFO     Training average loss at step 16600: 0.533116
2026-05-12 09:37:35 INFO     Training average positive_sample_loss at step 16700: 0.514544
2026-05-12 09:37:35 INFO     Training average negative_sample_loss at step 16700: 0.525890
2026-05-12 09:37:35 INFO     Training average loss at step 16700: 0.520217
2026-05-12 09:37:37 INFO     Training average positive_sample_loss at step 16800: 0.518693
2026-05-12 09:37:37 INFO     Training average negative_sample_loss at step 16800: 0.521970
2026-05-12 09:37:37 INFO     Training average loss at step 16800: 0.520332
2026-05-12 09:37:39 INFO     Training average positive_sample_loss at step 16900: 0.520814
2026-05-12 09:37:39 INFO     Training average negative_sample_loss at step 16900: 0.521707
2026-05-12 09:37:39 INFO     Training average loss at step 16900: 0.521260
2026-05-12 09:37:41 INFO     Training average positive_sample_loss at step 17000: 0.521731
2026-05-12 09:37:41 INFO     Training average negative_sample_loss at step 17000: 0.521149
2026-05-12 09:37:41 INFO     Training average loss at step 17000: 0.521440
2026-05-12 09:37:43 INFO     Training average positive_sample_loss at step 17100: 0.520524
2026-05-12 09:37:43 INFO     Training average negative_sample_loss at step 17100: 0.520710
2026-05-12 09:37:43 INFO     Training average loss at step 17100: 0.520617
2026-05-12 09:37:45 INFO     Training average positive_sample_loss at step 17200: 0.521468
2026-05-12 09:37:45 INFO     Training average negative_sample_loss at step 17200: 0.519929
2026-05-12 09:37:45 INFO     Training average loss at step 17200: 0.520699
2026-05-12 09:37:47 INFO     Training average positive_sample_loss at step 17300: 0.522656
2026-05-12 09:37:47 INFO     Training average negative_sample_loss at step 17300: 0.520801
2026-05-12 09:37:47 INFO     Training average loss at step 17300: 0.521728
2026-05-12 09:37:48 INFO     Training average positive_sample_loss at step 17400: 0.521410
2026-05-12 09:37:48 INFO     Training average negative_sample_loss at step 17400: 0.520372
2026-05-12 09:37:48 INFO     Training average loss at step 17400: 0.520891
2026-05-12 09:37:50 INFO     Training average positive_sample_loss at step 17500: 0.520756
2026-05-12 09:37:50 INFO     Training average negative_sample_loss at step 17500: 0.519772
2026-05-12 09:37:50 INFO     Training average loss at step 17500: 0.520264
2026-05-12 09:37:52 INFO     Training average positive_sample_loss at step 17600: 0.521139
2026-05-12 09:37:52 INFO     Training average negative_sample_loss at step 17600: 0.519656
2026-05-12 09:37:52 INFO     Training average loss at step 17600: 0.520398
2026-05-12 09:37:54 INFO     Training average positive_sample_loss at step 17700: 0.521236
2026-05-12 09:37:54 INFO     Training average negative_sample_loss at step 17700: 0.521119
2026-05-12 09:37:54 INFO     Training average loss at step 17700: 0.521178
2026-05-12 09:37:56 INFO     Training average positive_sample_loss at step 17800: 0.521132
2026-05-12 09:37:56 INFO     Training average negative_sample_loss at step 17800: 0.518743
2026-05-12 09:37:56 INFO     Training average loss at step 17800: 0.519938
2026-05-12 09:37:58 INFO     Training average positive_sample_loss at step 17900: 0.522867
2026-05-12 09:37:58 INFO     Training average negative_sample_loss at step 17900: 0.520726
2026-05-12 09:37:58 INFO     Training average loss at step 17900: 0.521796
2026-05-12 09:38:00 INFO     Training average positive_sample_loss at step 18000: 0.521136
2026-05-12 09:38:00 INFO     Training average negative_sample_loss at step 18000: 0.519554
2026-05-12 09:38:00 INFO     Training average loss at step 18000: 0.520345
2026-05-12 09:38:01 INFO     Training average positive_sample_loss at step 18100: 0.520080
2026-05-12 09:38:01 INFO     Training average negative_sample_loss at step 18100: 0.519482
2026-05-12 09:38:01 INFO     Training average loss at step 18100: 0.519781
2026-05-12 09:38:03 INFO     Training average positive_sample_loss at step 18200: 0.521467
2026-05-12 09:38:03 INFO     Training average negative_sample_loss at step 18200: 0.519826
2026-05-12 09:38:03 INFO     Training average loss at step 18200: 0.520647
2026-05-12 09:38:05 INFO     Training average positive_sample_loss at step 18300: 0.522051
2026-05-12 09:38:05 INFO     Training average negative_sample_loss at step 18300: 0.519524
2026-05-12 09:38:05 INFO     Training average loss at step 18300: 0.520787
2026-05-12 09:38:07 INFO     Training average positive_sample_loss at step 18400: 0.521598
2026-05-12 09:38:07 INFO     Training average negative_sample_loss at step 18400: 0.518738
2026-05-12 09:38:07 INFO     Training average loss at step 18400: 0.520168
2026-05-12 09:38:09 INFO     Training average positive_sample_loss at step 18500: 0.520397
2026-05-12 09:38:09 INFO     Training average negative_sample_loss at step 18500: 0.519537
2026-05-12 09:38:09 INFO     Training average loss at step 18500: 0.519967
2026-05-12 09:38:11 INFO     Training average positive_sample_loss at step 18600: 0.522566
2026-05-12 09:38:11 INFO     Training average negative_sample_loss at step 18600: 0.520068
2026-05-12 09:38:11 INFO     Training average loss at step 18600: 0.521317
2026-05-12 09:38:13 INFO     Training average positive_sample_loss at step 18700: 0.521739
2026-05-12 09:38:13 INFO     Training average negative_sample_loss at step 18700: 0.520361
2026-05-12 09:38:13 INFO     Training average loss at step 18700: 0.521050
2026-05-12 09:38:14 INFO     Training average positive_sample_loss at step 18800: 0.520407
2026-05-12 09:38:14 INFO     Training average negative_sample_loss at step 18800: 0.519424
2026-05-12 09:38:14 INFO     Training average loss at step 18800: 0.519915
2026-05-12 09:38:16 INFO     Training average positive_sample_loss at step 18900: 0.520566
2026-05-12 09:38:16 INFO     Training average negative_sample_loss at step 18900: 0.518619
2026-05-12 09:38:16 INFO     Training average loss at step 18900: 0.519593
2026-05-12 09:38:19 INFO     Training average positive_sample_loss at step 19000: 0.516918
2026-05-12 09:38:19 INFO     Training average negative_sample_loss at step 19000: 0.518131
2026-05-12 09:38:19 INFO     Training average loss at step 19000: 0.517525
2026-05-12 09:38:21 INFO     Training average positive_sample_loss at step 19100: 0.514934
2026-05-12 09:38:21 INFO     Training average negative_sample_loss at step 19100: 0.514363
2026-05-12 09:38:21 INFO     Training average loss at step 19100: 0.514648
2026-05-12 09:38:22 INFO     Training average positive_sample_loss at step 19200: 0.514793
2026-05-12 09:38:22 INFO     Training average negative_sample_loss at step 19200: 0.513330
2026-05-12 09:38:22 INFO     Training average loss at step 19200: 0.514062
2026-05-12 09:38:24 INFO     Training average positive_sample_loss at step 19300: 0.515895
2026-05-12 09:38:24 INFO     Training average negative_sample_loss at step 19300: 0.513699
2026-05-12 09:38:24 INFO     Training average loss at step 19300: 0.514797
2026-05-12 09:38:27 INFO     Training average positive_sample_loss at step 19400: 0.517753
2026-05-12 09:38:27 INFO     Training average negative_sample_loss at step 19400: 0.513988
2026-05-12 09:38:27 INFO     Training average loss at step 19400: 0.515871
2026-05-12 09:38:28 INFO     Training average positive_sample_loss at step 19500: 0.516590
2026-05-12 09:38:28 INFO     Training average negative_sample_loss at step 19500: 0.513130
2026-05-12 09:38:28 INFO     Training average loss at step 19500: 0.514860
2026-05-12 09:38:30 INFO     Training average positive_sample_loss at step 19600: 0.517060
2026-05-12 09:38:30 INFO     Training average negative_sample_loss at step 19600: 0.513462
2026-05-12 09:38:30 INFO     Training average loss at step 19600: 0.515261
2026-05-12 09:38:32 INFO     Training average positive_sample_loss at step 19700: 0.516735
2026-05-12 09:38:32 INFO     Training average negative_sample_loss at step 19700: 0.513656
2026-05-12 09:38:32 INFO     Training average loss at step 19700: 0.515196
2026-05-12 09:38:34 INFO     Training average positive_sample_loss at step 19800: 0.517627
2026-05-12 09:38:34 INFO     Training average negative_sample_loss at step 19800: 0.513883
2026-05-12 09:38:34 INFO     Training average loss at step 19800: 0.515755
2026-05-12 09:38:36 INFO     Training average positive_sample_loss at step 19900: 0.517339
2026-05-12 09:38:36 INFO     Training average negative_sample_loss at step 19900: 0.513979
2026-05-12 09:38:36 INFO     Training average loss at step 19900: 0.515659
2026-05-12 09:38:38 INFO     Training average positive_sample_loss at step 20000: 0.517118
2026-05-12 09:38:38 INFO     Training average negative_sample_loss at step 20000: 0.513076
2026-05-12 09:38:38 INFO     Training average loss at step 20000: 0.515097
2026-05-12 09:38:40 INFO     Training average positive_sample_loss at step 20100: 0.516508
2026-05-12 09:38:40 INFO     Training average negative_sample_loss at step 20100: 0.514669
2026-05-12 09:38:40 INFO     Training average loss at step 20100: 0.515589
2026-05-12 09:38:42 INFO     Training average positive_sample_loss at step 20200: 0.517581
2026-05-12 09:38:42 INFO     Training average negative_sample_loss at step 20200: 0.513829
2026-05-12 09:38:42 INFO     Training average loss at step 20200: 0.515705
2026-05-12 09:38:43 INFO     Training average positive_sample_loss at step 20300: 0.519751
2026-05-12 09:38:43 INFO     Training average negative_sample_loss at step 20300: 0.516072
2026-05-12 09:38:43 INFO     Training average loss at step 20300: 0.517912
2026-05-12 09:38:46 INFO     Training average positive_sample_loss at step 20400: 0.518933
2026-05-12 09:38:46 INFO     Training average negative_sample_loss at step 20400: 0.516754
2026-05-12 09:38:46 INFO     Training average loss at step 20400: 0.517843
2026-05-12 09:38:47 INFO     Training average positive_sample_loss at step 20500: 0.520267
2026-05-12 09:38:47 INFO     Training average negative_sample_loss at step 20500: 0.515403
2026-05-12 09:38:47 INFO     Training average loss at step 20500: 0.517835
2026-05-12 09:38:49 INFO     Training average positive_sample_loss at step 20600: 0.516829
2026-05-12 09:38:49 INFO     Training average negative_sample_loss at step 20600: 0.513802
2026-05-12 09:38:49 INFO     Training average loss at step 20600: 0.515315
2026-05-12 09:38:51 INFO     Training average positive_sample_loss at step 20700: 0.518197
2026-05-12 09:38:51 INFO     Training average negative_sample_loss at step 20700: 0.514558
2026-05-12 09:38:51 INFO     Training average loss at step 20700: 0.516377
2026-05-12 09:38:53 INFO     Training average positive_sample_loss at step 20800: 0.517867
2026-05-12 09:38:53 INFO     Training average negative_sample_loss at step 20800: 0.514012
2026-05-12 09:38:53 INFO     Training average loss at step 20800: 0.515940
2026-05-12 09:38:55 INFO     Training average positive_sample_loss at step 20900: 0.518211
2026-05-12 09:38:55 INFO     Training average negative_sample_loss at step 20900: 0.515086
2026-05-12 09:38:55 INFO     Training average loss at step 20900: 0.516649
2026-05-12 09:38:57 INFO     Training average positive_sample_loss at step 21000: 0.518026
2026-05-12 09:38:57 INFO     Training average negative_sample_loss at step 21000: 0.515913
2026-05-12 09:38:57 INFO     Training average loss at step 21000: 0.516969
2026-05-12 09:38:59 INFO     Training average positive_sample_loss at step 21100: 0.519316
2026-05-12 09:38:59 INFO     Training average negative_sample_loss at step 21100: 0.515463
2026-05-12 09:38:59 INFO     Training average loss at step 21100: 0.517390
2026-05-12 09:39:01 INFO     Training average positive_sample_loss at step 21200: 0.518762
2026-05-12 09:39:01 INFO     Training average negative_sample_loss at step 21200: 0.515418
2026-05-12 09:39:01 INFO     Training average loss at step 21200: 0.517090
2026-05-12 09:39:03 INFO     Training average positive_sample_loss at step 21300: 0.518788
2026-05-12 09:39:03 INFO     Training average negative_sample_loss at step 21300: 0.514822
2026-05-12 09:39:03 INFO     Training average loss at step 21300: 0.516805
2026-05-12 09:39:05 INFO     Training average positive_sample_loss at step 21400: 0.510774
2026-05-12 09:39:05 INFO     Training average negative_sample_loss at step 21400: 0.511777
2026-05-12 09:39:05 INFO     Training average loss at step 21400: 0.511276
2026-05-12 09:39:07 INFO     Training average positive_sample_loss at step 21500: 0.513480
2026-05-12 09:39:07 INFO     Training average negative_sample_loss at step 21500: 0.510192
2026-05-12 09:39:07 INFO     Training average loss at step 21500: 0.511836
2026-05-12 09:39:09 INFO     Training average positive_sample_loss at step 21600: 0.512928
2026-05-12 09:39:09 INFO     Training average negative_sample_loss at step 21600: 0.510209
2026-05-12 09:39:09 INFO     Training average loss at step 21600: 0.511569
2026-05-12 09:39:11 INFO     Training average positive_sample_loss at step 21700: 0.513793
2026-05-12 09:39:11 INFO     Training average negative_sample_loss at step 21700: 0.509266
2026-05-12 09:39:11 INFO     Training average loss at step 21700: 0.511530
2026-05-12 09:39:13 INFO     Training average positive_sample_loss at step 21800: 0.515002
2026-05-12 09:39:13 INFO     Training average negative_sample_loss at step 21800: 0.510392
2026-05-12 09:39:13 INFO     Training average loss at step 21800: 0.512697
2026-05-12 09:39:15 INFO     Training average positive_sample_loss at step 21900: 0.515485
2026-05-12 09:39:15 INFO     Training average negative_sample_loss at step 21900: 0.509655
2026-05-12 09:39:15 INFO     Training average loss at step 21900: 0.512570
2026-05-12 09:39:17 INFO     Training average positive_sample_loss at step 22000: 0.514251
2026-05-12 09:39:17 INFO     Training average negative_sample_loss at step 22000: 0.510029
2026-05-12 09:39:17 INFO     Training average loss at step 22000: 0.512140
2026-05-12 09:39:19 INFO     Training average positive_sample_loss at step 22100: 0.515563
2026-05-12 09:39:19 INFO     Training average negative_sample_loss at step 22100: 0.512251
2026-05-12 09:39:19 INFO     Training average loss at step 22100: 0.513907
2026-05-12 09:39:21 INFO     Training average positive_sample_loss at step 22200: 0.516473
2026-05-12 09:39:21 INFO     Training average negative_sample_loss at step 22200: 0.510634
2026-05-12 09:39:21 INFO     Training average loss at step 22200: 0.513553
2026-05-12 09:39:23 INFO     Training average positive_sample_loss at step 22300: 0.513781
2026-05-12 09:39:23 INFO     Training average negative_sample_loss at step 22300: 0.510212
2026-05-12 09:39:23 INFO     Training average loss at step 22300: 0.511997
2026-05-12 09:39:25 INFO     Training average positive_sample_loss at step 22400: 0.516713
2026-05-12 09:39:25 INFO     Training average negative_sample_loss at step 22400: 0.512510
2026-05-12 09:39:25 INFO     Training average loss at step 22400: 0.514612
2026-05-12 09:39:26 INFO     Training average positive_sample_loss at step 22500: 0.516902
2026-05-12 09:39:26 INFO     Training average negative_sample_loss at step 22500: 0.511492
2026-05-12 09:39:26 INFO     Training average loss at step 22500: 0.514197
2026-05-12 09:39:28 INFO     Training average positive_sample_loss at step 22600: 0.515854
2026-05-12 09:39:28 INFO     Training average negative_sample_loss at step 22600: 0.512042
2026-05-12 09:39:28 INFO     Training average loss at step 22600: 0.513948
2026-05-12 09:39:30 INFO     Training average positive_sample_loss at step 22700: 0.516216
2026-05-12 09:39:30 INFO     Training average negative_sample_loss at step 22700: 0.510455
2026-05-12 09:39:30 INFO     Training average loss at step 22700: 0.513336
2026-05-12 09:39:32 INFO     Training average positive_sample_loss at step 22800: 0.516223
2026-05-12 09:39:32 INFO     Training average negative_sample_loss at step 22800: 0.511986
2026-05-12 09:39:32 INFO     Training average loss at step 22800: 0.514104
2026-05-12 09:39:34 INFO     Training average positive_sample_loss at step 22900: 0.515536
2026-05-12 09:39:34 INFO     Training average negative_sample_loss at step 22900: 0.512123
2026-05-12 09:39:34 INFO     Training average loss at step 22900: 0.513830
2026-05-12 09:39:36 INFO     Training average positive_sample_loss at step 23000: 0.517413
2026-05-12 09:39:36 INFO     Training average negative_sample_loss at step 23000: 0.512442
2026-05-12 09:39:36 INFO     Training average loss at step 23000: 0.514927
2026-05-12 09:39:38 INFO     Training average positive_sample_loss at step 23100: 0.516324
2026-05-12 09:39:38 INFO     Training average negative_sample_loss at step 23100: 0.513176
2026-05-12 09:39:38 INFO     Training average loss at step 23100: 0.514750
2026-05-12 09:39:40 INFO     Training average positive_sample_loss at step 23200: 0.515974
2026-05-12 09:39:40 INFO     Training average negative_sample_loss at step 23200: 0.511690
2026-05-12 09:39:40 INFO     Training average loss at step 23200: 0.513832
2026-05-12 09:39:42 INFO     Training average positive_sample_loss at step 23300: 0.516061
2026-05-12 09:39:42 INFO     Training average negative_sample_loss at step 23300: 0.510759
2026-05-12 09:39:42 INFO     Training average loss at step 23300: 0.513410
2026-05-12 09:39:44 INFO     Training average positive_sample_loss at step 23400: 0.516371
2026-05-12 09:39:44 INFO     Training average negative_sample_loss at step 23400: 0.511885
2026-05-12 09:39:44 INFO     Training average loss at step 23400: 0.514128
2026-05-12 09:39:46 INFO     Training average positive_sample_loss at step 23500: 0.516785
2026-05-12 09:39:46 INFO     Training average negative_sample_loss at step 23500: 0.511919
2026-05-12 09:39:46 INFO     Training average loss at step 23500: 0.514352
2026-05-12 09:39:48 INFO     Training average positive_sample_loss at step 23600: 0.515880
2026-05-12 09:39:48 INFO     Training average negative_sample_loss at step 23600: 0.512396
2026-05-12 09:39:48 INFO     Training average loss at step 23600: 0.514138
2026-05-12 09:39:50 INFO     Training average positive_sample_loss at step 23700: 0.517052
2026-05-12 09:39:50 INFO     Training average negative_sample_loss at step 23700: 0.512018
2026-05-12 09:39:50 INFO     Training average loss at step 23700: 0.514535
2026-05-12 09:39:52 INFO     Training average positive_sample_loss at step 23800: 0.509191
2026-05-12 09:39:52 INFO     Training average negative_sample_loss at step 23800: 0.509604
2026-05-12 09:39:52 INFO     Training average loss at step 23800: 0.509397
2026-05-12 09:39:54 INFO     Training average positive_sample_loss at step 23900: 0.511350
2026-05-12 09:39:54 INFO     Training average negative_sample_loss at step 23900: 0.508612
2026-05-12 09:39:54 INFO     Training average loss at step 23900: 0.509981
2026-05-12 09:39:56 INFO     Training average positive_sample_loss at step 24000: 0.512932
2026-05-12 09:39:56 INFO     Training average negative_sample_loss at step 24000: 0.507587
2026-05-12 09:39:56 INFO     Training average loss at step 24000: 0.510259
2026-05-12 09:39:58 INFO     Training average positive_sample_loss at step 24100: 0.512648
2026-05-12 09:39:58 INFO     Training average negative_sample_loss at step 24100: 0.506909
2026-05-12 09:39:58 INFO     Training average loss at step 24100: 0.509778
2026-05-12 09:40:00 INFO     Training average positive_sample_loss at step 24200: 0.512652
2026-05-12 09:40:00 INFO     Training average negative_sample_loss at step 24200: 0.508509
2026-05-12 09:40:00 INFO     Training average loss at step 24200: 0.510580
2026-05-12 09:40:02 INFO     Training average positive_sample_loss at step 24300: 0.513450
2026-05-12 09:40:02 INFO     Training average negative_sample_loss at step 24300: 0.508367
2026-05-12 09:40:02 INFO     Training average loss at step 24300: 0.510908
2026-05-12 09:40:04 INFO     Training average positive_sample_loss at step 24400: 0.513554
2026-05-12 09:40:04 INFO     Training average negative_sample_loss at step 24400: 0.507581
2026-05-12 09:40:04 INFO     Training average loss at step 24400: 0.510567
2026-05-12 09:40:06 INFO     Training average positive_sample_loss at step 24500: 0.515058
2026-05-12 09:40:06 INFO     Training average negative_sample_loss at step 24500: 0.509377
2026-05-12 09:40:06 INFO     Training average loss at step 24500: 0.512218
2026-05-12 09:40:08 INFO     Training average positive_sample_loss at step 24600: 0.513963
2026-05-12 09:40:08 INFO     Training average negative_sample_loss at step 24600: 0.509074
2026-05-12 09:40:08 INFO     Training average loss at step 24600: 0.511519
2026-05-12 09:40:10 INFO     Training average positive_sample_loss at step 24700: 0.515063
2026-05-12 09:40:10 INFO     Training average negative_sample_loss at step 24700: 0.508343
2026-05-12 09:40:10 INFO     Training average loss at step 24700: 0.511703
2026-05-12 09:40:11 INFO     Training average positive_sample_loss at step 24800: 0.512234
2026-05-12 09:40:11 INFO     Training average negative_sample_loss at step 24800: 0.508777
2026-05-12 09:40:11 INFO     Training average loss at step 24800: 0.510505
2026-05-12 09:40:14 INFO     Training average positive_sample_loss at step 24900: 0.514944
2026-05-12 09:40:14 INFO     Training average negative_sample_loss at step 24900: 0.510707
2026-05-12 09:40:14 INFO     Training average loss at step 24900: 0.512826
2026-05-12 09:40:16 INFO     Training average positive_sample_loss at step 25000: 0.515354
2026-05-12 09:40:16 INFO     Training average negative_sample_loss at step 25000: 0.509867
2026-05-12 09:40:16 INFO     Training average loss at step 25000: 0.512610
2026-05-12 09:40:18 INFO     Training average positive_sample_loss at step 25100: 0.514228
2026-05-12 09:40:18 INFO     Training average negative_sample_loss at step 25100: 0.509921
2026-05-12 09:40:18 INFO     Training average loss at step 25100: 0.512074
2026-05-12 09:40:19 INFO     Training average positive_sample_loss at step 25200: 0.513759
2026-05-12 09:40:19 INFO     Training average negative_sample_loss at step 25200: 0.508131
2026-05-12 09:40:19 INFO     Training average loss at step 25200: 0.510945
2026-05-12 09:40:21 INFO     Training average positive_sample_loss at step 25300: 0.516671
2026-05-12 09:40:21 INFO     Training average negative_sample_loss at step 25300: 0.511489
2026-05-12 09:40:21 INFO     Training average loss at step 25300: 0.514080
2026-05-12 09:40:23 INFO     Training average positive_sample_loss at step 25400: 0.514159
2026-05-12 09:40:23 INFO     Training average negative_sample_loss at step 25400: 0.510192
2026-05-12 09:40:23 INFO     Training average loss at step 25400: 0.512175
2026-05-12 09:40:25 INFO     Training average positive_sample_loss at step 25500: 0.514800
2026-05-12 09:40:25 INFO     Training average negative_sample_loss at step 25500: 0.509136
2026-05-12 09:40:25 INFO     Training average loss at step 25500: 0.511968
2026-05-12 09:40:27 INFO     Training average positive_sample_loss at step 25600: 0.514917
2026-05-12 09:40:27 INFO     Training average negative_sample_loss at step 25600: 0.509629
2026-05-12 09:40:27 INFO     Training average loss at step 25600: 0.512273
2026-05-12 09:40:29 INFO     Training average positive_sample_loss at step 25700: 0.515369
2026-05-12 09:40:29 INFO     Training average negative_sample_loss at step 25700: 0.509029
2026-05-12 09:40:29 INFO     Training average loss at step 25700: 0.512199
2026-05-12 09:40:30 INFO     Training average positive_sample_loss at step 25800: 0.515173
2026-05-12 09:40:30 INFO     Training average negative_sample_loss at step 25800: 0.510918
2026-05-12 09:40:30 INFO     Training average loss at step 25800: 0.513046
2026-05-12 09:40:32 INFO     Training average positive_sample_loss at step 25900: 0.515469
2026-05-12 09:40:32 INFO     Training average negative_sample_loss at step 25900: 0.509953
2026-05-12 09:40:32 INFO     Training average loss at step 25900: 0.512711
2026-05-12 09:40:34 INFO     Training average positive_sample_loss at step 26000: 0.515762
2026-05-12 09:40:34 INFO     Training average negative_sample_loss at step 26000: 0.510481
2026-05-12 09:40:34 INFO     Training average loss at step 26000: 0.513121
2026-05-12 09:40:37 INFO     Training average positive_sample_loss at step 26100: 0.513364
2026-05-12 09:40:37 INFO     Training average negative_sample_loss at step 26100: 0.510891
2026-05-12 09:40:37 INFO     Training average loss at step 26100: 0.512127
2026-05-12 09:40:39 INFO     Training average positive_sample_loss at step 26200: 0.508232
2026-05-12 09:40:39 INFO     Training average negative_sample_loss at step 26200: 0.506321
2026-05-12 09:40:39 INFO     Training average loss at step 26200: 0.507277
2026-05-12 09:40:41 INFO     Training average positive_sample_loss at step 26300: 0.510885
2026-05-12 09:40:41 INFO     Training average negative_sample_loss at step 26300: 0.506044
2026-05-12 09:40:41 INFO     Training average loss at step 26300: 0.508464
2026-05-12 09:40:43 INFO     Training average positive_sample_loss at step 26400: 0.512475
2026-05-12 09:40:43 INFO     Training average negative_sample_loss at step 26400: 0.506889
2026-05-12 09:40:43 INFO     Training average loss at step 26400: 0.509682
2026-05-12 09:40:44 INFO     Training average positive_sample_loss at step 26500: 0.511973
2026-05-12 09:40:44 INFO     Training average negative_sample_loss at step 26500: 0.505794
2026-05-12 09:40:44 INFO     Training average loss at step 26500: 0.508884
2026-05-12 09:40:46 INFO     Training average positive_sample_loss at step 26600: 0.512231
2026-05-12 09:40:46 INFO     Training average negative_sample_loss at step 26600: 0.506340
2026-05-12 09:40:46 INFO     Training average loss at step 26600: 0.509285
2026-05-12 09:40:48 INFO     Training average positive_sample_loss at step 26700: 0.512654
2026-05-12 09:40:48 INFO     Training average negative_sample_loss at step 26700: 0.506606
2026-05-12 09:40:48 INFO     Training average loss at step 26700: 0.509630
2026-05-12 09:40:50 INFO     Training average positive_sample_loss at step 26800: 0.512393
2026-05-12 09:40:50 INFO     Training average negative_sample_loss at step 26800: 0.507282
2026-05-12 09:40:50 INFO     Training average loss at step 26800: 0.509837
2026-05-12 09:40:52 INFO     Training average positive_sample_loss at step 26900: 0.512618
2026-05-12 09:40:52 INFO     Training average negative_sample_loss at step 26900: 0.507152
2026-05-12 09:40:52 INFO     Training average loss at step 26900: 0.509885
2026-05-12 09:40:54 INFO     Training average positive_sample_loss at step 27000: 0.513374
2026-05-12 09:40:54 INFO     Training average negative_sample_loss at step 27000: 0.507275
2026-05-12 09:40:54 INFO     Training average loss at step 27000: 0.510325
2026-05-12 09:40:56 INFO     Training average positive_sample_loss at step 27100: 0.513271
2026-05-12 09:40:56 INFO     Training average negative_sample_loss at step 27100: 0.507787
2026-05-12 09:40:56 INFO     Training average loss at step 27100: 0.510529
2026-05-12 09:40:58 INFO     Training average positive_sample_loss at step 27200: 0.514375
2026-05-12 09:40:58 INFO     Training average negative_sample_loss at step 27200: 0.507556
2026-05-12 09:40:58 INFO     Training average loss at step 27200: 0.510965
2026-05-12 09:41:00 INFO     Training average positive_sample_loss at step 27300: 0.512921
2026-05-12 09:41:00 INFO     Training average negative_sample_loss at step 27300: 0.508702
2026-05-12 09:41:00 INFO     Training average loss at step 27300: 0.510811
2026-05-12 09:41:02 INFO     Training average positive_sample_loss at step 27400: 0.513520
2026-05-12 09:41:02 INFO     Training average negative_sample_loss at step 27400: 0.508191
2026-05-12 09:41:02 INFO     Training average loss at step 27400: 0.510855
2026-05-12 09:41:04 INFO     Training average positive_sample_loss at step 27500: 0.514923
2026-05-12 09:41:04 INFO     Training average negative_sample_loss at step 27500: 0.508341
2026-05-12 09:41:04 INFO     Training average loss at step 27500: 0.511632
2026-05-12 09:41:06 INFO     Training average positive_sample_loss at step 27600: 0.514625
2026-05-12 09:41:06 INFO     Training average negative_sample_loss at step 27600: 0.509317
2026-05-12 09:41:06 INFO     Training average loss at step 27600: 0.511971
2026-05-12 09:41:07 INFO     Training average positive_sample_loss at step 27700: 0.513732
2026-05-12 09:41:07 INFO     Training average negative_sample_loss at step 27700: 0.507042
2026-05-12 09:41:07 INFO     Training average loss at step 27700: 0.510387
2026-05-12 09:41:09 INFO     Training average positive_sample_loss at step 27800: 0.513677
2026-05-12 09:41:09 INFO     Training average negative_sample_loss at step 27800: 0.508513
2026-05-12 09:41:09 INFO     Training average loss at step 27800: 0.511095
2026-05-12 09:41:11 INFO     Training average positive_sample_loss at step 27900: 0.514869
2026-05-12 09:41:11 INFO     Training average negative_sample_loss at step 27900: 0.508487
2026-05-12 09:41:11 INFO     Training average loss at step 27900: 0.511678
2026-05-12 09:41:13 INFO     Training average positive_sample_loss at step 28000: 0.513428
2026-05-12 09:41:13 INFO     Training average negative_sample_loss at step 28000: 0.508412
2026-05-12 09:41:13 INFO     Training average loss at step 28000: 0.510920
2026-05-12 09:41:15 INFO     Training average positive_sample_loss at step 28100: 0.515251
2026-05-12 09:41:15 INFO     Training average negative_sample_loss at step 28100: 0.509039
2026-05-12 09:41:15 INFO     Training average loss at step 28100: 0.512145
2026-05-12 09:41:17 INFO     Training average positive_sample_loss at step 28200: 0.514351
2026-05-12 09:41:17 INFO     Training average negative_sample_loss at step 28200: 0.509216
2026-05-12 09:41:17 INFO     Training average loss at step 28200: 0.511784
2026-05-12 09:41:19 INFO     Training average positive_sample_loss at step 28300: 0.514347
2026-05-12 09:41:19 INFO     Training average negative_sample_loss at step 28300: 0.508639
2026-05-12 09:41:19 INFO     Training average loss at step 28300: 0.511493
2026-05-12 09:41:20 INFO     Training average positive_sample_loss at step 28400: 0.515721
2026-05-12 09:41:20 INFO     Training average negative_sample_loss at step 28400: 0.509166
2026-05-12 09:41:20 INFO     Training average loss at step 28400: 0.512444
2026-05-12 09:41:23 INFO     Training average positive_sample_loss at step 28500: 0.509179
2026-05-12 09:41:23 INFO     Training average negative_sample_loss at step 28500: 0.508868
2026-05-12 09:41:23 INFO     Training average loss at step 28500: 0.509024
2026-05-12 09:41:25 INFO     Training average positive_sample_loss at step 28600: 0.508524
2026-05-12 09:41:25 INFO     Training average negative_sample_loss at step 28600: 0.503644
2026-05-12 09:41:25 INFO     Training average loss at step 28600: 0.506084
2026-05-12 09:41:27 INFO     Training average positive_sample_loss at step 28700: 0.510317
2026-05-12 09:41:27 INFO     Training average negative_sample_loss at step 28700: 0.504016
2026-05-12 09:41:27 INFO     Training average loss at step 28700: 0.507167
2026-05-12 09:41:29 INFO     Training average positive_sample_loss at step 28800: 0.509179
2026-05-12 09:41:29 INFO     Training average negative_sample_loss at step 28800: 0.504453
2026-05-12 09:41:29 INFO     Training average loss at step 28800: 0.506816
2026-05-12 09:41:30 INFO     Training average positive_sample_loss at step 28900: 0.511275
2026-05-12 09:41:30 INFO     Training average negative_sample_loss at step 28900: 0.505117
2026-05-12 09:41:30 INFO     Training average loss at step 28900: 0.508196
2026-05-12 09:41:32 INFO     Training average positive_sample_loss at step 29000: 0.511963
2026-05-12 09:41:32 INFO     Training average negative_sample_loss at step 29000: 0.504532
2026-05-12 09:41:32 INFO     Training average loss at step 29000: 0.508248
2026-05-12 09:41:34 INFO     Training average positive_sample_loss at step 29100: 0.511880
2026-05-12 09:41:34 INFO     Training average negative_sample_loss at step 29100: 0.504613
2026-05-12 09:41:34 INFO     Training average loss at step 29100: 0.508247
2026-05-12 09:41:36 INFO     Training average positive_sample_loss at step 29200: 0.511186
2026-05-12 09:41:36 INFO     Training average negative_sample_loss at step 29200: 0.506128
2026-05-12 09:41:36 INFO     Training average loss at step 29200: 0.508657
2026-05-12 09:41:38 INFO     Training average positive_sample_loss at step 29300: 0.511628
2026-05-12 09:41:38 INFO     Training average negative_sample_loss at step 29300: 0.506226
2026-05-12 09:41:38 INFO     Training average loss at step 29300: 0.508927
2026-05-12 09:41:40 INFO     Training average positive_sample_loss at step 29400: 0.512035
2026-05-12 09:41:40 INFO     Training average negative_sample_loss at step 29400: 0.503701
2026-05-12 09:41:40 INFO     Training average loss at step 29400: 0.507868
2026-05-12 09:41:42 INFO     Training average positive_sample_loss at step 29500: 0.513010
2026-05-12 09:41:42 INFO     Training average negative_sample_loss at step 29500: 0.507899
2026-05-12 09:41:42 INFO     Training average loss at step 29500: 0.510455
2026-05-12 09:41:43 INFO     Training average positive_sample_loss at step 29600: 0.513454
2026-05-12 09:41:43 INFO     Training average negative_sample_loss at step 29600: 0.507299
2026-05-12 09:41:43 INFO     Training average loss at step 29600: 0.510377
2026-05-12 09:41:45 INFO     Training average positive_sample_loss at step 29700: 0.512249
2026-05-12 09:41:45 INFO     Training average negative_sample_loss at step 29700: 0.506468
2026-05-12 09:41:45 INFO     Training average loss at step 29700: 0.509358
2026-05-12 09:41:47 INFO     Training average positive_sample_loss at step 29800: 0.513962
2026-05-12 09:41:47 INFO     Training average negative_sample_loss at step 29800: 0.507124
2026-05-12 09:41:47 INFO     Training average loss at step 29800: 0.510543
2026-05-12 09:41:49 INFO     Training average positive_sample_loss at step 29900: 0.513573
2026-05-12 09:41:49 INFO     Training average negative_sample_loss at step 29900: 0.508049
2026-05-12 09:41:49 INFO     Training average loss at step 29900: 0.510811
